<?xml version="1.0" encoding="utf-8"?><testsuites name="pytest tests"><testsuite name="pytest" errors="0" failures="0" skipped="0" tests="85" time="6.871" timestamp="2026-09-10T11:01:31.001371+08:00" hostname="Dionysus-Workspace"><testcase classname="tests.alpha_v5.test_execution_contract" name="test_mid_and_bbo_charge_spread_exactly_once[BUY]" time="0.012" /><testcase classname="tests.alpha_v5.test_execution_contract" name="test_mid_and_bbo_charge_spread_exactly_once[SELL]" time="0.011" /><testcase classname="tests.alpha_v5.test_execution_contract" name="test_depth_includes_visible_impact_and_explicit_residual_is_separate" time="0.006" /><testcase classname="tests.alpha_v5.test_execution_contract" name="test_reference_evidence_conflicts_fail[unknown_bbo_component]" time="0.007" /><testcase classname="tests.alpha_v5.test_execution_contract" name="test_reference_evidence_conflicts_fail[mid_includes_spread]" time="0.009" /><testcase classname="tests.alpha_v5.test_execution_contract" name="test_reference_evidence_conflicts_fail[bar_is_real]" time="0.008" /><testcase classname="tests.alpha_v5.test_execution_contract" name="test_reference_evidence_conflicts_fail[mixed_version]" time="0.008" /><testcase classname="tests.alpha_v5.test_execution_contract" name="test_reference_evidence_conflicts_fail[wrong_horizon]" time="0.008" /><testcase classname="tests.alpha_v5.test_execution_contract" name="test_impact_forward_inverse_and_capacity_use_one_horizon[LINEAR_PROXY_V1]" time="0.002" /><testcase classname="tests.alpha_v5.test_execution_contract" name="test_impact_forward_inverse_and_capacity_use_one_horizon[SQRT_PROXY_V1]" time="0.001" /><testcase classname="tests.alpha_v5.test_execution_contract" name="test_legacy_capacity_and_new_linear_capacity_are_explicitly_different" time="0.001" /><testcase classname="tests.alpha_v5.test_execution_contract" name="test_discount_only_reduces_standard_fee_and_partial_fills_consume_actual_balance" time="0.001" /><testcase classname="tests.alpha_v5.test_execution_contract" name="test_discount_boundaries_and_fx_are_fail_closed[expired]" time="0.001" /><testcase classname="tests.alpha_v5.test_execution_contract" name="test_discount_boundaries_and_fx_are_fail_closed[missing_fx]" time="0.001" /><testcase classname="tests.alpha_v5.test_execution_contract" name="test_discount_boundaries_and_fx_are_fail_closed[future_fx]" time="0.001" /><testcase classname="tests.alpha_v5.test_execution_contract" name="test_discount_boundaries_and_fx_are_fail_closed[insufficient_normal]" time="0.001" /><testcase classname="tests.alpha_v5.test_execution_contract" name="test_fee_effective_time_is_not_decision_known_time_and_future_revisions_do_not_leak" time="0.005" /><testcase classname="tests.alpha_v5.test_execution_contract" name="test_native_fee_contract_cannot_silently_use_old_quote_fee_engine_path" time="0.005" /><testcase classname="tests.alpha_v5.test_execution_contract" name="test_shared_depth_cannot_be_reused_and_fill_identity_is_idempotent" time="0.003" /><testcase classname="tests.alpha_v5.test_execution_contract" name="test_shared_window_does_not_net_opposite_sides_and_preserves_fok_residual" time="0.003" /><testcase classname="tests.alpha_v5.test_execution_contract" name="test_latency_queue_unknown_cancellation_and_bar_proxy_are_explicit" time="0.003" /><testcase classname="tests.alpha_v5.test_execution_contract" name="test_native_base_fees_reduce_fifo_lots_partial_orders_and_rebuild_exactly" time="0.008" /><testcase classname="tests.alpha_v5.test_execution_contract" name="test_native_base_fee_fifo_pnl_is_posted_without_quote_cash[50-BUY]" time="0.006" /><testcase classname="tests.alpha_v5.test_execution_contract" name="test_native_base_fee_fifo_pnl_is_posted_without_quote_cash[50-SELL]" time="0.005" /><testcase classname="tests.alpha_v5.test_execution_contract" name="test_native_base_fee_fifo_pnl_is_posted_without_quote_cash[300-BUY]" time="0.004" /><testcase classname="tests.alpha_v5.test_execution_contract" name="test_native_base_fee_fifo_pnl_is_posted_without_quote_cash[300-SELL]" time="0.005" /><testcase classname="tests.alpha_v5.test_execution_contract" name="test_native_base_rebate_has_real_quantity_and_third_asset_needs_balance_and_fx" time="0.009" /><testcase classname="tests.alpha_v5.test_execution_contract" name="test_legacy_cost_fills_transitions_and_ledger_keep_exact_payloads" time="0.052" /><testcase classname="tests.alpha_v5.test_execution_contract" name="test_execution_observation_bad_records_cannot_enter_calibration[duplicate]" time="0.001" /><testcase classname="tests.alpha_v5.test_execution_contract" name="test_execution_observation_bad_records_cannot_enter_calibration[overfill]" time="0.001" /><testcase classname="tests.alpha_v5.test_execution_contract" name="test_execution_observation_bad_records_cannot_enter_calibration[clock]" time="0.001" /><testcase classname="tests.alpha_v5.test_execution_contract" name="test_execution_observation_bad_records_cannot_enter_calibration[cancel]" time="0.001" /><testcase classname="tests.alpha_v5.test_execution_contract" name="test_execution_observation_bad_records_cannot_enter_calibration[reference]" time="0.001" /><testcase classname="tests.alpha_v5.test_execution_contract" name="test_fixed_split_rejects_orders_across_boundary_and_future_receipts" time="0.001" /><testcase classname="tests.alpha_v5.test_execution_contract" name="test_residual_quality_preserves_missing_and_failing_buckets_without_model_fit" time="0.018" /><testcase classname="tests.alpha_v5.test_execution_contract" name="test_shared_report_seals_missing_evidence_and_blocks_reuse" time="0.516" /><testcase classname="tests.alpha_v5.test_execution_contract" name="test_report_config_cannot_turn_into_empirical_run[data]" time="0.003" /><testcase classname="tests.alpha_v5.test_execution_contract" name="test_report_config_cannot_turn_into_empirical_run[fit]" time="0.003" /><testcase classname="tests.alpha_v5.test_execution_contract" name="test_report_config_cannot_turn_into_empirical_run[capital]" time="0.003" /><testcase classname="tests.alpha_v5.test_execution_contract" name="test_report_config_cannot_turn_into_empirical_run[threshold]" time="0.003" /><testcase classname="tests.alpha_v5.test_evidence_contract" name="test_common_calendar_capital_quarters_and_flat_days" time="0.001" /><testcase classname="tests.alpha_v5.test_evidence_contract" name="test_equity_mutations_fail[duplicate-DUPLICATE-TIME]" time="0.001" /><testcase classname="tests.alpha_v5.test_evidence_contract" name="test_equity_mutations_fail[nonutc-NON-UTC]" time="0.001" /><testcase classname="tests.alpha_v5.test_evidence_contract" name="test_equity_mutations_fail[gap-CALENDAR-GAP]" time="0.001" /><testcase classname="tests.alpha_v5.test_evidence_contract" name="test_equity_mutations_fail[mixed_mode-MIXED-CAPITAL-MODE]" time="0.001" /><testcase classname="tests.alpha_v5.test_evidence_contract" name="test_equity_mutations_fail[principal-EXTRA-PRINCIPAL]" time="0.001" /><testcase classname="tests.alpha_v5.test_evidence_contract" name="test_equity_mutations_fail[balance-CASH-INVENTORY-IDENTITY]" time="0.001" /><testcase classname="tests.alpha_v5.test_evidence_contract" name="test_equity_mutations_fail[pnl-CAPITAL-PNL-IDENTITY]" time="0.001" /><testcase classname="tests.alpha_v5.test_evidence_contract" name="test_equity_mutations_fail[terminal-TERMINAL-MISMATCH]" time="0.001" /><testcase classname="tests.alpha_v5.test_evidence_contract" name="test_equity_mutations_fail[initial-INITIAL-CAPITAL]" time="0.001" /><testcase classname="tests.alpha_v5.test_evidence_contract" name="test_balance_identity_does_not_prove_absence_of_unobserved_cash_flows" time="0.001" /><testcase classname="tests.alpha_v5.test_evidence_contract" name="test_r4_r5_version_strategy_hash_and_period_cannot_be_swapped" time="0.001" /><testcase classname="tests.alpha_v5.test_evidence_contract" name="test_shadow_cost_identity_and_funded_nonmonotonic_paths" time="0.001" /><testcase classname="tests.alpha_v5.test_evidence_contract" name="test_shadow_missing_path_is_not_verified_and_identity_mix_is_rejected" time="0.001" /><testcase classname="tests.alpha_v5.test_evidence_contract" name="test_same_fill_requires_identical_execution_and_inventory[time-2020-01-02T00:00:00Z]" time="0.001" /><testcase classname="tests.alpha_v5.test_evidence_contract" name="test_same_fill_requires_identical_execution_and_inventory[quantity-2]" time="0.001" /><testcase classname="tests.alpha_v5.test_evidence_contract" name="test_same_fill_requires_identical_execution_and_inventory[side-SELL]" time="0.001" /><testcase classname="tests.alpha_v5.test_evidence_contract" name="test_same_fill_requires_identical_execution_and_inventory[reference_price-101]" time="0.001" /><testcase classname="tests.alpha_v5.test_evidence_contract" name="test_same_fill_requires_identical_execution_and_inventory[inventory-2]" time="0.001" /><testcase classname="tests.alpha_v5.test_evidence_contract" name="test_missing_full_bundle_and_manifest_corruption_are_different" time="0.015" /><testcase classname="tests.alpha_v5.test_evidence_contract" name="test_all_old_statistics_are_preserved_with_distinct_estimands" time="0.001" /><testcase classname="tests.alpha_v5.test_evidence_contract" name="test_output_reuse_protected_paths_parent_links_and_failure_claims" time="0.014" /><testcase classname="tests.alpha_v5.test_evidence_contract" name="test_budget_guard_blocks_spies_network_and_protected_opens" time="0.003" /><testcase classname="tests.alpha_v5.test_evidence_contract" name="test_cli_synthetic_end_to_end_no_forbidden_import_or_call" time="1.028" /><testcase classname="tests.alpha_v5.test_evidence_contract" name="test_failed_cli_claim_is_retained_and_cannot_reopen" time="0.305" /><testcase classname="tests.alpha_v5.test_evidence_contract" name="test_derived_fill_count_reason_and_cost_mutations[ORDINARY_RISK_REDUCE--1]" time="0.001" /><testcase classname="tests.alpha_v5.test_evidence_contract" name="test_derived_fill_count_reason_and_cost_mutations[ORDINARY_RISK_RESTORE-1]" time="0.001" /><testcase classname="tests.alpha_v5.test_benchmark_contract" name="test_b3_cli_seals_read_only_report_without_replay_or_resampling" time="0.736" /><testcase classname="tests.p05.test_ledger_core" name="test_policy_chart_and_entry_templates_are_versioned" time="0.002" /><testcase classname="tests.p05.test_ledger_core" name="test_spot_fifo_matches_committed_golden_fixture" time="0.003" /><testcase classname="tests.p05.test_ledger_core" name="test_spot_oversell_fails_before_any_state_change" time="0.002" /><testcase classname="tests.p05.test_ledger_core" name="test_linear_perpetual_reduces_reverses_and_keeps_fifo" time="0.003" /><testcase classname="tests.p05.test_ledger_core" name="test_instrument_contract_cannot_drift_within_one_ledger" time="0.002" /><testcase classname="tests.p05.test_ledger_core" name="test_inverse_contract_formula_is_exact_and_native_settled" time="0.000" /><testcase classname="tests.p05.test_ledger_core" name="test_dated_future_settlement_closes_all_lots_and_replays" time="0.002" /><testcase classname="tests.p05.test_ledger_core" name="test_cashflows_borrow_and_authoritative_pnl_decomposition" time="0.004" /><testcase classname="tests.p05.test_ledger_core" name="test_float_cannot_enter_authoritative_accounting_models" time="0.001" /><testcase classname="tests.portfolio.test_constraints" name="test_all_required_exposure_dimensions_are_policy_controlled" time="0.001" /><testcase classname="tests.portfolio.test_constraints" name="test_capacity_impact_turnover_and_group_limits_only_reduce_targets" time="0.001" /><testcase classname="tests.portfolio.test_constraints" name="test_turnover_projection_does_not_overshoot_by_decimal_rounding" time="0.001" /><testcase classname="tests.portfolio.test_signals_optimizer" name="test_signal_is_clipped_discounted_and_can_enter_no_trade_zone" time="0.000" /><testcase classname="tests.portfolio.test_signals_optimizer" name="test_robust_optimizer_emits_explainable_proposal_only_output" time="0.001" /><testcase classname="tests.portfolio.test_signals_optimizer" name="test_optimizer_rejects_future_covariance" time="0.001" /><testcase classname="tests.p06.test_costs_margin" name="test_fee_spread_slippage_and_impact_match_hand_calculation" time="0.005" /><testcase classname="tests.p06.test_costs_margin" name="test_historical_cost_schedule_changes_at_exact_effective_time" time="0.006" /></testsuite></testsuites>