<?xml version="1.0" encoding="utf-8"?><testsuites name="pytest tests"><testsuite name="pytest" errors="0" failures="0" skipped="0" tests="48" time="3.794" timestamp="2026-09-10T11:59:35.874213+08:00" hostname="Dionysus-Workspace"><testcase classname="tests.alpha_v5.test_ml_contract" name="test_all_boundaries_long_spans_time_groups_and_episode_purge" time="0.001" /><testcase classname="tests.alpha_v5.test_ml_contract" name="test_later_feature_lookback_purges_earlier_mature_label" time="0.001" /><testcase classname="tests.alpha_v5.test_ml_contract" name="test_strict_metadata_required_and_legacy_payload_has_no_new_nulls" time="0.001" /><testcase classname="tests.alpha_v5.test_ml_contract" name="test_versioned_walkforward_purges_validation_calibration_and_full_group" time="0.001" /><testcase classname="tests.alpha_v5.test_ml_contract" name="test_calendar_strict_test_tail_is_mature_and_legacy_shape_stays" time="0.013" /><testcase classname="tests.alpha_v5.test_ml_contract" name="test_nested_dates_cover_all_42_months_and_tail_rows_are_reported" time="0.001" /><testcase classname="tests.alpha_v5.test_ml_contract" name="test_oof_leakage_is_rejected_before_any_fit[same_episode]" time="0.001" /><testcase classname="tests.alpha_v5.test_ml_contract" name="test_oof_leakage_is_rejected_before_any_fit[future_label]" time="0.001" /><testcase classname="tests.alpha_v5.test_ml_contract" name="test_oof_leakage_is_rejected_before_any_fit[same_id]" time="0.001" /><testcase classname="tests.alpha_v5.test_ml_contract" name="test_oof_leakage_is_rejected_before_any_fit[outer_refit]" time="0.002" /><testcase classname="tests.alpha_v5.test_ml_contract" name="test_oof_leakage_is_rejected_before_any_fit[transform_val]" time="0.001" /><testcase classname="tests.alpha_v5.test_ml_contract" name="test_oof_leakage_is_rejected_before_any_fit[missing_transform]" time="0.001" /><testcase classname="tests.alpha_v5.test_ml_contract" name="test_oof_alignment_and_conformal_temporal_limit" time="0.004" /><testcase classname="tests.alpha_v5.test_ml_contract" name="test_economic_oof_binding_and_future_target_mutation_without_real_fit" time="0.008" /><testcase classname="tests.alpha_v5.test_ml_contract" name="test_fit_failure_consumes_original_registry_slot" time="0.013" /><testcase classname="tests.alpha_v5.test_ml_contract" name="test_synthetic_registry_wrapper_blocks_fit_before_its_body" time="0.008" /><testcase classname="tests.alpha_v5.test_ml_contract" name="test_ml_cannot_veto_risk_reduction" time="0.000" /><testcase classname="tests.alpha_v5.test_ml_contract" name="test_episode_complete_rejected_opportunities_costs_and_maturity" time="0.001" /><testcase classname="tests.alpha_v5.test_ml_contract" name="test_missing_history_never_fabricates_dsr_or_pbo" time="0.000" /><testcase classname="tests.alpha_v5.test_ml_contract" name="test_pbo_ties_are_invariant_to_array_order_and_identical_is_unknown[MEAN_RETURN_V2]" time="0.001" /><testcase classname="tests.alpha_v5.test_ml_contract" name="test_pbo_ties_are_invariant_to_array_order_and_identical_is_unknown[SHARPE_PER_PERIOD_V2]" time="0.001" /><testcase classname="tests.alpha_v5.test_ml_contract" name="test_protocol_report_cannot_claim_real_results_or_enable_training" time="0.003" /><testcase classname="tests.research.test_splits" name="test_random_time_split_is_forbidden" time="0.001" /><testcase classname="tests.research.test_splits" name="test_walk_forward_has_five_disjoint_purged_and_embargoed_folds" time="0.001" /><testcase classname="tests.research.test_splits" name="test_recent_state_training_only_uses_validation_regime" time="0.001" /><testcase classname="tests.research.test_splits" name="test_cscv_enumerates_every_symmetric_segment_combination" time="0.001" /><testcase classname="tests.research.test_statistics" name="test_psr_matches_independent_reference_formula" time="0.001" /><testcase classname="tests.research.test_statistics" name="test_dsr_deflates_for_multiple_trials" time="0.001" /><testcase classname="tests.research.test_statistics" name="test_pbo_and_benjamini_hochberg_are_auditable" time="0.001" /><testcase classname="tests.research.test_statistics" name="test_statistics_reject_degenerate_inputs" time="0.001" /><testcase classname="tests.research.test_uncertainty" name="test_split_conformal_is_ordered_and_abstain_reasons_are_explicit" time="0.001" /><testcase classname="tests.unit.research.test_purged_walkforward" name="test_calendar_months_purge_label_overlap_and_embargo" time="0.009" /><testcase classname="tests.unit.research.test_purged_walkforward" name="test_insufficient_purge_is_rejected" time="0.001" /><testcase classname="tests.unit.labels.test_action_value_symmetry" name="test_symmetric_round_trip_costs_do_not_bias_down[101.5-UP]" time="0.001" /><testcase classname="tests.unit.labels.test_action_value_symmetry" name="test_symmetric_round_trip_costs_do_not_bias_down[98.5-DOWN]" time="0.001" /><testcase classname="tests.unit.labels.test_action_value_symmetry" name="test_symmetric_round_trip_costs_do_not_bias_down[100.5-FLAT]" time="0.001" /><testcase classname="tests.unit.labels.test_action_value_symmetry" name="test_symmetric_round_trip_costs_do_not_bias_down[99.5-FLAT]" time="0.002" /><testcase classname="tests.unit.labels.test_action_value_symmetry" name="test_uncertainty_requires_strict_economic_margin" time="0.001" /><testcase classname="tests.unit.labels.test_directional_costs" name="test_each_action_pays_its_own_legs_funding_and_borrow" time="0.001" /><testcase classname="tests.unit.labels.test_executable_entry_time" name="test_decision_bar_price_does_not_create_fictitious_profit" time="0.001" /><testcase classname="tests.unit.labels.test_executable_entry_time" name="test_late_arriving_decision_cannot_trade_an_already_occurred_event" time="0.001" /><testcase classname="tests.unit.labels.test_funding_sign" name="test_signed_funding_is_a_payment_for_one_side_and_receipt_for_other[0.001-DOWN]" time="0.001" /><testcase classname="tests.unit.labels.test_funding_sign" name="test_signed_funding_is_a_payment_for_one_side_and_receipt_for_other[-0.001-UP]" time="0.001" /><testcase classname="tests.unit.labels.test_funding_sign" name="test_borrow_is_only_charged_to_short" time="0.000" /><testcase classname="tests.unit.labels.test_labels" name="test_return_path_label_is_future_cost_aware_and_path_complete" time="0.001" /><testcase classname="tests.unit.labels.test_labels" name="test_overlapping_labels_have_deterministic_inverse_horizon_weight" time="0.001" /><testcase classname="tests.unit.labels.test_labels" name="test_label_generator_rejects_non_future_availability" time="0.001" /><testcase classname="tests.unit.labels.test_labels" name="test_execution_and_event_labels_keep_future_windows_and_net_economics" time="0.001" /></testsuite></testsuites>