<?xml version="1.0" encoding="utf-8"?><testsuites name="pytest tests"><testsuite name="pytest" errors="0" failures="0" skipped="0" tests="64" time="3.967" timestamp="2026-09-10T12:33:49.471406+08:00" hostname="Dionysus-Workspace"><testcase classname="tests.alpha_v5.test_holdout_contract" name="test_preaccess_rejections_do_not_open_data_or_consume_claim[unfrozen]" file="tests\alpha_v5\test_holdout_contract.py" line="167" time="0.009" /><testcase classname="tests.alpha_v5.test_holdout_contract" name="test_preaccess_rejections_do_not_open_data_or_consume_claim[wrong_hash]" file="tests\alpha_v5\test_holdout_contract.py" line="167" time="0.006" /><testcase classname="tests.alpha_v5.test_holdout_contract" name="test_preaccess_rejections_do_not_open_data_or_consume_claim[short]" file="tests\alpha_v5\test_holdout_contract.py" line="167" time="0.004" /><testcase classname="tests.alpha_v5.test_holdout_contract" name="test_preaccess_rejections_do_not_open_data_or_consume_claim[used]" file="tests\alpha_v5\test_holdout_contract.py" line="167" time="0.004" /><testcase classname="tests.alpha_v5.test_holdout_contract" name="test_preaccess_rejections_do_not_open_data_or_consume_claim[unknown_source]" file="tests\alpha_v5\test_holdout_contract.py" line="167" time="0.007" /><testcase classname="tests.alpha_v5.test_holdout_contract" name="test_preaccess_rejections_do_not_open_data_or_consume_claim[seen_source]" file="tests\alpha_v5\test_holdout_contract.py" line="167" time="0.006" /><testcase classname="tests.alpha_v5.test_holdout_contract" name="test_preaccess_rejections_do_not_open_data_or_consume_claim[source_tail]" file="tests\alpha_v5\test_holdout_contract.py" line="167" time="0.008" /><testcase classname="tests.alpha_v5.test_holdout_contract" name="test_preaccess_rejections_do_not_open_data_or_consume_claim[narrow_source]" file="tests\alpha_v5\test_holdout_contract.py" line="167" time="0.007" /><testcase classname="tests.alpha_v5.test_holdout_contract" name="test_preaccess_rejections_do_not_open_data_or_consume_claim[wrong_anchor]" file="tests\alpha_v5\test_holdout_contract.py" line="167" time="0.007" /><testcase classname="tests.alpha_v5.test_holdout_contract" name="test_preaccess_rejections_do_not_open_data_or_consume_claim[missing_extension]" file="tests\alpha_v5\test_holdout_contract.py" line="167" time="0.007" /><testcase classname="tests.alpha_v5.test_holdout_contract" name="test_preaccess_rejections_do_not_open_data_or_consume_claim[future_authority]" file="tests\alpha_v5\test_holdout_contract.py" line="167" time="0.005" /><testcase classname="tests.alpha_v5.test_holdout_contract" name="test_claim_is_durable_before_data_read_and_decoder_cannot_reread" file="tests\alpha_v5\test_holdout_contract.py" line="243" time="0.016" /><testcase classname="tests.alpha_v5.test_holdout_contract" name="test_failures_consume_claim_without_retry[decoder]" file="tests\alpha_v5\test_holdout_contract.py" line="275" time="0.024" /><testcase classname="tests.alpha_v5.test_holdout_contract" name="test_failures_consume_claim_without_retry[read_missing]" file="tests\alpha_v5\test_holdout_contract.py" line="275" time="0.024" /><testcase classname="tests.alpha_v5.test_holdout_contract" name="test_failures_consume_claim_without_retry[wrong_bytes]" file="tests\alpha_v5\test_holdout_contract.py" line="275" time="0.037" /><testcase classname="tests.alpha_v5.test_holdout_contract" name="test_failures_consume_claim_without_retry[claim_fsync]" file="tests\alpha_v5\test_holdout_contract.py" line="275" time="0.024" /><testcase classname="tests.alpha_v5.test_holdout_contract" name="test_rename_alias_new_generation_and_new_candidate_share_claim_and_log" file="tests\alpha_v5\test_holdout_contract.py" line="320" time="0.028" /><testcase classname="tests.alpha_v5.test_holdout_contract" name="test_durability_failures_keep_lock_until_independent_storage_review[lock_write]" file="tests\alpha_v5\test_holdout_contract.py" line="368" time="0.012" /><testcase classname="tests.alpha_v5.test_holdout_contract" name="test_durability_failures_keep_lock_until_independent_storage_review[lock_fsync]" file="tests\alpha_v5\test_holdout_contract.py" line="368" time="0.012" /><testcase classname="tests.alpha_v5.test_holdout_contract" name="test_durability_failures_keep_lock_until_independent_storage_review[start_fsync]" file="tests\alpha_v5\test_holdout_contract.py" line="368" time="0.015" /><testcase classname="tests.alpha_v5.test_holdout_contract" name="test_durability_failures_keep_lock_until_independent_storage_review[terminal_fsync]" file="tests\alpha_v5\test_holdout_contract.py" line="368" time="0.018" /><testcase classname="tests.alpha_v5.test_holdout_contract" name="test_deleting_only_claim_does_not_reset_consumption" file="tests\alpha_v5\test_holdout_contract.py" line="410" time="0.027" /><testcase classname="tests.alpha_v5.test_holdout_contract" name="test_missing_or_corrupt_storage_is_not_reinitialized[missing]" file="tests\alpha_v5\test_holdout_contract.py" line="422" time="0.008" /><testcase classname="tests.alpha_v5.test_holdout_contract" name="test_missing_or_corrupt_storage_is_not_reinitialized[corrupt]" file="tests\alpha_v5\test_holdout_contract.py" line="422" time="0.012" /><testcase classname="tests.alpha_v5.test_holdout_contract" name="test_missing_or_corrupt_storage_is_not_reinitialized[wrong_genesis]" file="tests\alpha_v5\test_holdout_contract.py" line="422" time="0.012" /><testcase classname="tests.alpha_v5.test_holdout_contract" name="test_missing_or_corrupt_storage_is_not_reinitialized[stale_lock]" file="tests\alpha_v5\test_holdout_contract.py" line="422" time="0.011" /><testcase classname="tests.alpha_v5.test_holdout_contract" name="test_concurrent_calls_allow_only_one_decoder" file="tests\alpha_v5\test_holdout_contract.py" line="444" time="0.024" /><testcase classname="tests.alpha_v5.test_holdout_contract" name="test_read_firewall_blocks_raw_cache_feature_and_hardlink_aliases" file="tests\alpha_v5\test_holdout_contract.py" line="471" time="0.010" /><testcase classname="tests.alpha_v5.test_holdout_contract" name="test_symlink_alias_and_reparse_registration_are_rejected" file="tests\alpha_v5\test_holdout_contract.py" line="491" time="0.019"><properties><property name="native_symlink" value="VERIFIED_ON_TEMP_SYNTHETIC_FILE" /></properties></testcase><testcase classname="tests.alpha_v5.test_holdout_contract" name="test_development_cannot_read_holdout_copies_or_derived_features[copy]" file="tests\alpha_v5\test_holdout_contract.py" line="532" time="0.006" /><testcase classname="tests.alpha_v5.test_holdout_contract" name="test_development_cannot_read_holdout_copies_or_derived_features[preview]" file="tests\alpha_v5\test_holdout_contract.py" line="532" time="0.008" /><testcase classname="tests.alpha_v5.test_holdout_contract" name="test_development_cannot_read_holdout_copies_or_derived_features[feature]" file="tests\alpha_v5\test_holdout_contract.py" line="532" time="0.008" /><testcase classname="tests.alpha_v5.test_holdout_contract" name="test_development_cannot_read_holdout_copies_or_derived_features[unknown]" file="tests\alpha_v5\test_holdout_contract.py" line="532" time="0.009" /><testcase classname="tests.alpha_v5.test_holdout_contract" name="test_independent_development_source_remains_usable_with_complete_lineage" file="tests\alpha_v5\test_holdout_contract.py" line="565" time="0.011" /><testcase classname="tests.alpha_v5.test_holdout_contract" name="test_legacy_freeze_hash_is_stable_and_extended_hash_binds_every_component" file="tests\alpha_v5\test_holdout_contract.py" line="589" time="0.006" /><testcase classname="tests.alpha_v5.test_holdout_contract" name="test_all_gates_even_when_passing_only_request_independent_review" file="tests\alpha_v5\test_holdout_contract.py" line="607" time="0.001" /><testcase classname="tests.alpha_v5.test_holdout_contract" name="test_real_inputs_and_access_are_absent_in_current_report" file="tests\alpha_v5\test_holdout_contract.py" line="630" time="0.004" /><testcase classname="tests.integration.test_walkforward_holdout_firewall" name="test_durable_firewall_denies_unfrozen_used_and_second_access" file="tests\integration\test_walkforward_holdout_firewall.py" line="10" time="0.026" /><testcase classname="tests.research.test_holdout" name="test_final_holdout_loader_runs_only_once_after_complete_freeze" file="tests\research\test_holdout.py" line="32" time="0.001" /><testcase classname="tests.alpha_v5.test_ml_contract" name="test_all_boundaries_long_spans_time_groups_and_episode_purge" file="tests\alpha_v5\test_ml_contract.py" line="111" time="0.001" /><testcase classname="tests.alpha_v5.test_ml_contract" name="test_later_feature_lookback_purges_earlier_mature_label" file="tests\alpha_v5\test_ml_contract.py" line="133" time="0.001" /><testcase classname="tests.alpha_v5.test_ml_contract" name="test_strict_metadata_required_and_legacy_payload_has_no_new_nulls" file="tests\alpha_v5\test_ml_contract.py" line="140" time="0.001" /><testcase classname="tests.alpha_v5.test_ml_contract" name="test_versioned_walkforward_purges_validation_calibration_and_full_group" file="tests\alpha_v5\test_ml_contract.py" line="149" time="0.001" /><testcase classname="tests.alpha_v5.test_ml_contract" name="test_calendar_strict_test_tail_is_mature_and_legacy_shape_stays" file="tests\alpha_v5\test_ml_contract.py" line="175" time="0.013" /><testcase classname="tests.alpha_v5.test_ml_contract" name="test_nested_dates_cover_all_42_months_and_tail_rows_are_reported" file="tests\alpha_v5\test_ml_contract.py" line="224" time="0.001" /><testcase classname="tests.alpha_v5.test_ml_contract" name="test_oof_leakage_is_rejected_before_any_fit[same_episode]" file="tests\alpha_v5\test_ml_contract.py" line="236" time="0.001" /><testcase classname="tests.alpha_v5.test_ml_contract" name="test_oof_leakage_is_rejected_before_any_fit[future_label]" file="tests\alpha_v5\test_ml_contract.py" line="236" time="0.001" /><testcase classname="tests.alpha_v5.test_ml_contract" name="test_oof_leakage_is_rejected_before_any_fit[same_id]" file="tests\alpha_v5\test_ml_contract.py" line="236" time="0.001" /><testcase classname="tests.alpha_v5.test_ml_contract" name="test_oof_leakage_is_rejected_before_any_fit[outer_refit]" file="tests\alpha_v5\test_ml_contract.py" line="236" time="0.001" /><testcase classname="tests.alpha_v5.test_ml_contract" name="test_oof_leakage_is_rejected_before_any_fit[transform_val]" file="tests\alpha_v5\test_ml_contract.py" line="236" time="0.001" /><testcase classname="tests.alpha_v5.test_ml_contract" name="test_oof_leakage_is_rejected_before_any_fit[missing_transform]" file="tests\alpha_v5\test_ml_contract.py" line="236" time="0.001" /><testcase classname="tests.alpha_v5.test_ml_contract" name="test_oof_alignment_and_conformal_temporal_limit" file="tests\alpha_v5\test_ml_contract.py" line="278" time="0.004" /><testcase classname="tests.alpha_v5.test_ml_contract" name="test_economic_oof_binding_and_future_target_mutation_without_real_fit" file="tests\alpha_v5\test_ml_contract.py" line="309" time="0.008" /><testcase classname="tests.alpha_v5.test_ml_contract" name="test_fit_failure_consumes_original_registry_slot" file="tests\alpha_v5\test_ml_contract.py" line="393" time="0.009" /><testcase classname="tests.alpha_v5.test_ml_contract" name="test_synthetic_registry_wrapper_blocks_fit_before_its_body" file="tests\alpha_v5\test_ml_contract.py" line="412" time="0.006" /><testcase classname="tests.alpha_v5.test_ml_contract" name="test_ml_cannot_veto_risk_reduction" file="tests\alpha_v5\test_ml_contract.py" line="426" time="0.001" /><testcase classname="tests.alpha_v5.test_ml_contract" name="test_episode_complete_rejected_opportunities_costs_and_maturity" file="tests\alpha_v5\test_ml_contract.py" line="431" time="0.002" /><testcase classname="tests.alpha_v5.test_ml_contract" name="test_missing_history_never_fabricates_dsr_or_pbo" file="tests\alpha_v5\test_ml_contract.py" line="487" time="0.000" /><testcase classname="tests.alpha_v5.test_ml_contract" name="test_pbo_ties_are_invariant_to_array_order_and_identical_is_unknown[MEAN_RETURN_V2]" file="tests\alpha_v5\test_ml_contract.py" line="513" time="0.001" /><testcase classname="tests.alpha_v5.test_ml_contract" name="test_pbo_ties_are_invariant_to_array_order_and_identical_is_unknown[SHARPE_PER_PERIOD_V2]" file="tests\alpha_v5\test_ml_contract.py" line="513" time="0.001" /><testcase classname="tests.alpha_v5.test_ml_contract" name="test_protocol_report_cannot_claim_real_results_or_enable_training" file="tests\alpha_v5\test_ml_contract.py" line="543" time="0.003" /><testcase classname="tests.alpha_v5.test_research_guards" name="test_development_guard_rejects_holdout_before_any_open" file="tests\alpha_v5\test_research_guards.py" line="32" time="0.002" /><testcase classname="tests.alpha_v5.test_research_guards" name="test_unknown_and_changed_development_bytes_fail_closed" file="tests\alpha_v5\test_research_guards.py" line="54" time="0.006" /><testcase classname="tests.alpha_v5.test_research_guards" name="test_failed_experiment_remains_consumed_and_unregistered_run_cannot_start" file="tests\alpha_v5\test_research_guards.py" line="71" time="0.008" /></testsuite></testsuites>