<?xml version="1.0" encoding="utf-8"?><testsuites name="pytest tests"><testsuite name="pytest" errors="0" failures="0" skipped="0" tests="1156" time="152.264" timestamp="2026-09-08T19:22:18.670928+08:00" hostname="Dionysus-Workspace"><properties>
[...]
</properties><testcase classname="tests.acceptance.test_system_acceptance" name="test_system_acceptance_outputs_are_reproducible" time="0.067" /><testcase classname="tests.acceptance.test_system_acceptance" name="test_all_deferred_acceptance_requirements_are_traced" time="0.004" /><testcase classname="tests.acceptance.test_system_acceptance" name="test_formal_acceptance_stops_at_real_testnet_without_fabrication" time="0.003" /><testcase classname="tests.acceptance.test_system_acceptance" name="test_non_live_boundary_and_no_go_remain_authoritative" time="0.012" /><testcase classname="tests.acceptance.test_system_acceptance" name="test_state_records_the_blocked_acceptance_attempt_when_published" time="0.014" /><testcase classname="tests.alpha_v4.test_audit_contracts" name="test_label_contract_retains_20h_and_explicit_six_intervals_are_24h" time="0.009" /><testcase classname="tests.alpha_v4.test_audit_contracts" name="test_exit_cost_uses_position_and_same_latency_when_cash_is_small" time="0.001" /><testcase classname="tests.alpha_v4.test_audit_contracts" name="test_single_factor_entry_exit_risk_and_missing_forecast" time="0.003" /><testcase classname="tests.alpha_v4.test_audit_contracts" name="test_v2_replay_uses_causal_reserve_and_full_ledger" time="0.044" /><testcase classname="tests.alpha_v4.test_audit_contracts" name="test_strict_effective_contracts_and_legacy_reproduction_guard" time="0.014" /><testcase classname="tests.alpha_v4.test_audit_contracts" name="test_every_legacy_config_leaf_is_rejected_when_perturbed" time="2.597" /><testcase classname="tests.alpha_v4.test_audit_contracts" name="test_forecast_metadata_pair_and_archive_time_units" time="0.002" /><testcase classname="tests.alpha_v4.test_audit_r2_contracts" name="test_mean_filter_does_not_require_disabled_probability_calibration" time="0.002" /><testcase classname="tests.alpha_v4.test_audit_r2_contracts" name="test_distribution_risk_is_not_mean_estimation_uncertainty" time="0.002" /><testcase classname="tests.alpha_v4.test_audit_r2_contracts" name="test_one_class_calibration_keeps_corrected_point_and_residual_components" time="0.003" /><testcase classname="tests.alpha_v4.test_audit_r2_contracts" name="test_binary_safe_scaling_preserves_training_standardization_and_linear_prediction" time="0.032" /><testcase classname="tests.alpha_v4.test_audit_r2_contracts" name="test_r2_estimates_planned_increment_without_using_future_fill" time="0.026" /><testcase classname="tests.alpha_v4.test_audit_r2_contracts" name="test_component_boundary_cannot_be_forged_as_available" time="0.001" /><testcase classname="tests.alpha_v4.test_failure_freeze" name="test_freeze_preserves_probabilities_and_separates_symbols" time="0.074" /><testcase classname="tests.alpha_v4.test_failure_freeze" name="test_freeze_rejects_nonexecutable_time" time="0.008" /><testcase classname="tests.alpha_v4.test_failure_freeze" name="test_freeze_rejects_duplicate_sample_ids" time="0.014" /><testcase classname="tests.alpha_v4.test_failure_freeze" name="test_a0_replay_uses_original_signal_with_round_trip_costs" time="0.008" /><testcase classname="tests.alpha_v4.test_failure_freeze" name="test_a0_replay_rejects_changed_original_returns" time="0.007" /><testcase classname="tests.alpha_v4.test_failure_freeze" name="test_snapshot_cannot_be_silently_overwritten" time="0.033" /><testcase classname="tests.alpha_v4.test_failure_freeze" name="test_snapshot_integrity_rejects_tampering" time="0.025" /><testcase classname="tests.alpha_v4.test_failure_freeze" name="test_metric_lineage_does_not_conflate_selected_and_failed_policy" time="0.024" /><testcase classname="tests.alpha_v4.test_failure_freeze" name="test_v4_ssot_identity_and_safety_remain_explicit" time="0.014" /><testcase classname="tests.alpha_v4.test_r4_contracts" name="test_buffer_changes_only_risk_resize_and_retains_paid_exit" time="0.096" /><testcase classname="tests.alpha_v4.test_r4_contracts" name="test_hard_cap_and_trend_exit_bypass_buffer_and_cooldown" time="0.084" /><testcase classname="tests.alpha_v4.test_r4_contracts" name="test_ensemble_uses_one_shared_budget_and_rejects_invalid_fraction" time="0.103" /><testcase classname="tests.alpha_v4.test_r4_contracts" name="test_legacy_policy_is_not_reinterpreted_for_new_periods" time="0.012" /><testcase classname="tests.alpha_v4.test_r4_contracts" name="test_pending_target_and_future_availability_remain_explicit" time="0.016" /><testcase classname="tests.alpha_v4.test_r4_contracts" name="test_continuous_operation_has_no_synthetic_intermediate_exit" time="0.051" /><testcase classname="tests.alpha_v4.test_r4_contracts" name="test_same_fill_shadow_uses_stressed_quote_fee_and_preserves_quantities" time="0.046" /><testcase classname="tests.alpha_v4.test_r4_contracts" name="test_paired_null_is_recentered_before_comparing_observed_increment" time="0.009" /><testcase classname="tests.alpha_v4.test_r4_contracts" name="test_long_window_readiness_and_future_perturbation" time="0.071" /><testcase classname="tests.architecture.test_domain_boundaries" name="test_domain_has_no_framework_database_or_exchange_sdk_imports" time="0.029" /><testcase classname="tests.architecture.test_domain_boundaries" name="test_domain_has_no_naive_datetime_or_builtin_round_calls" time="0.029" /><testcase classname="tests.architecture.test_domain_boundaries" name="test_domain_models_are_real_contracts_not_empty_placeholders" time="0.017" /><testcase classname="tests.architecture.test_research_boundaries" name="test_research_source_contains_no_random_time_split_escape_hatch" time="0.020" /><testcase classname="tests.architecture.test_research_boundaries" name="test_scikit_learn_contract_is_pinned_to_validated_version" time="0.005" /><testcase classname="tests.architecture.test_risk_boundaries" name="test_research_and_model_packages_do_not_import_independent_risk_engine" time="0.720" /><testcase classname="tests.architecture.test_risk_boundaries" name="test_public_risk_api_exposes_no_override_or_bypass_symbol" time="0.002" /><testcase classname="tests.chaos.test_atomic_data_lake" name="test_interrupted_write_never_registers_incomplete_dataset" time="0.094" /><testcase classname="tests.chaos.test_p12_execution_failures" name="test_response_loss_after_acceptance_never_creates_second_order" time="0.012" /><testcase classname="tests.chaos.test_p12_execution_failures" name="test_account_sequence_gap_never_claims_synchronized_funds" time="0.001" /><testcase classname="tests.chaos.test_p13_runtime_failures" name="test_six_faults_fail_closed_then_recover_to_same_nonfunded_mode" time="0.002" /><testcase classname="tests.chaos.test_p16_operational_failures" name="test_alert_channel_timeout_fails_closed_and_remains_retryable" time="0.001" /><testcase classname="tests.chaos.test_p16_operational_failures" name="test_trace_exporter_configuration_failure_cannot_enable_network_fallback" time="0.005" /><testcase classname="tests.contract.api.test_openapi" name="test_checked_in_openapi_matches_runtime" time="0.655" /><testcase classname="tests.contract.api.test_openapi" name="test_generated_types_expose_required_read_models" time="0.003" /><testcase classname="tests.contract.api.test_rest" name="test_health_and_overview_disclose_nonproduction_safety" time="0.139" /><testcase classname="tests.contract.api.test_rest" name="test_cursor_filter_and_error_contract" time="0.153" /><testcase classname="tests.contract.api.test_rest" name="test_unknown_resource_and_untrusted_host_fail_closed" time="0.142" /><testcase classname="tests.contract.api.test_rest" name="test_no_http_trading_write_surface" time="0.672" /><testcase classname="tests.contract.api.test_websocket" name="test_websocket_starts_with_snapshot" time="0.127" /><testcase classname="tests.contract.api.test_websocket" name="test_websocket_rejects_remote_origin" time="0.122" /><testcase classname="tests.contract.api.test_websocket" name="test_stream_sequence_is_monotonic_and_overflow_unsubscribes" time="0.028" /><testcase classname="tests.contract.api.test_websocket" name="test_rest_snapshot_is_the_declared_gap_recovery" time="0.112" /><testcase classname="tests.contract.providers.test_comparison" name="test_comparison_filters_time_quote_quality_and_isolates_failed_provider" time="0.002" /><testcase classname="tests.contract.providers.test_comparison" name="test_clock_offset_and_lead_lag_are_explicit_datasets" time="0.002" /><testcase classname="tests.contract.providers.test_comparison" name="test_venue_ticker_funding_and_open_interest_normalize_to_comparable_rows" time="0.003" /><testcase classname="tests.contract.providers.test_exchange_adapters" name="test_public_request_allowlists_and_private_parameter_denial" time="0.002" /><testcase classname="tests.contract.providers.test_exchange_adapters" name="test_public_orderbook_subscriptions_preserve_venue_channels" time="0.001" /><testcase classname="tests.contract.providers.test_exchange_adapters" name="test_exchange_instrument_normalizers_share_exposure_only_when_dimensions_match" time="0.003" /><testcase classname="tests.contract.providers.test_exchange_adapters" name="test_options_retain_expiry_strike_type_and_iv_source" time="0.002" /><testcase classname="tests.contract.providers.test_exchange_adapters" name="test_real_adapter_uses_injected_unsigned_http_transport" time="0.003" /><testcase classname="tests.contract.providers.test_exchange_adapters" name="test_public_adapter_rejects_credentialled_injected_client_before_network" time="0.002" /><testcase classname="tests.contract.providers.test_exchange_adapters" name="test_status_changelog_and_rate_limit_contracts_are_explicit" time="0.013" /><testcase classname="tests.contract.providers.test_market_models" name="test_same_symbol_does_not_merge_different_economic_exposure" time="0.001" /><testcase classname="tests.contract.providers.test_market_models" name="test_asset_identity_distinguishes_network_and_contract" time="0.001" /><testcase classname="tests.contract.providers.test_market_models" name="test_inverse_pnl_units_and_direction" time="0.171" /><testcase classname="tests.contract.providers.test_market_models" name="test_contract_quantity_respects_linear_and_inverse_units" time="0.001" /><testcase classname="tests.contract.providers.test_nautilus_multivenue" name="test_nautilus_adapter_discovery_keeps_real_native_fallback" time="0.002" /><testcase classname="tests.contract.providers.test_sequence" name="test_delta_before_snapshot_requires_recovery[OKX]" time="0.002" /><testcase classname="tests.contract.providers.test_sequence" name="test_delta_before_snapshot_requires_recovery[BYBIT]" time="0.001" /><testcase classname="tests.contract.providers.test_sequence" name="test_delta_before_snapshot_requires_recovery[DERIBIT]" time="0.001" /><testcase classname="tests.contract.providers.test_sequence" name="test_okx_prev_seq_id_and_deribit_prev_change_id_are_enforced" time="0.001" /><testcase classname="tests.contract.providers.test_sequence" name="test_bybit_snapshot_delta_and_u_one_restart" time="0.001" /><testcase classname="tests.contract.providers.test_sequence" name="test_duplicate_does_not_advance_watermark" time="0.001" /><testcase classname="tests.contract.providers.test_sequence" name="test_venue_orderbooks_apply_snapshot_and_delta_without_cross_contamination[OKX-BTC-USDT-SWAP-snapshot0-delta0]" time="0.002" /><testcase classname="tests.contract.providers.test_sequence" name="test_venue_orderbooks_apply_snapshot_and_delta_without_cross_contamination[BYBIT-BTCUSDT-snapshot1-delta1]" time="0.001" /><testcase classname="tests.contract.providers.test_sequence" name="test_venue_orderbooks_apply_snapshot_and_delta_without_cross_contamination[DERIBIT-BTC-PERPETUAL-snapshot2-delta2]" time="0.002" /><testcase classname="tests.contract.providers.test_sequence" name="test_crossed_delta_rolls_back_levels_and_requires_recovery" time="0.001" /><testcase classname="tests.contract.providers.test_source_adapters" name="test_credentialed_sources_are_explicitly_awaiting[x]" time="0.002" /><testcase classname="tests.contract.providers.test_source_adapters" name="test_credentialed_sources_are_explicitly_awaiting[telegram_bot]" time="0.001" /><testcase classname="tests.contract.providers.test_source_adapters" name="test_credentialed_sources_are_explicitly_awaiting[youtube]" time="0.001" /><testcase classname="tests.contract.providers.test_source_adapters" name="test_registry_reports_awaiting_credentials_before_collection" time="0.043" /><testcase classname="tests.contract.providers.test_source_adapters" name="test_request_contracts_work_without_secrets_but_cannot_execute" time="0.003" /><testcase classname="tests.contract.providers.test_source_adapters" name="test_source_quota_window_fails_closed_when_mock_budget_is_exhausted" time="0.001" /><testcase classname="tests.contract.providers.test_source_adapters" name="test_public_source_requests_are_allowlisted_and_executable" time="0.001" /><testcase classname="tests.contract.providers.test_source_adapters" name="test_official_source_adapter_rejects_credentialled_client_before_network" time="0.001" /><testcase classname="tests.contract.providers.test_source_adapters" name="test_rss_gdelt_x_and_content_contracts_parse_fixtures" time="0.004" /><testcase classname="tests.contract.providers.test_source_adapters" name="test_telegram_enforces_authorized_channels" time="0.002" /><testcase classname="tests.contract.providers.test_source_adapters" name="test_bluesky_github_and_youtube_parse_official_contract_shapes" time="0.002" /><testcase classname="tests.contract.providers.test_source_adapters" name="test_x_deletion_and_bluesky_delete_are_explicit_revisions" time="0.001" /><testcase classname="tests.contract.providers.test_source_adapters" name="test_xml_dtd_and_entity_declarations_are_rejected" time="0.001" /><testcase classname="tests.contract.providers.test_source_adapters" name="test_official_web_change_is_hash_versioned_and_host_allowlisted" time="0.001" /><testcase classname="tests.contract.providers.test_source_adapters" name="test_bluesky_detects_contract_and_falls_back_to_firehose" time="0.001" /><testcase classname="tests.contract.providers.test_source_adapters" name="test_bluesky_v2_message_uses_seq_cursor_and_payload_contract" time="0.001" /><testcase classname="tests.contract.providers.test_source_adapters" name="test_github_webhook_requires_verified_signature" time="0.001" /><testcase classname="tests.contract.providers.test_source_adapters" name="test_youtube_authorized_live_chat_is_a_channel_message" time="0.001" /><testcase classname="tests.contract.test_candidate_runtime" name="test_runtime_is_supported_and_core_packages_import" time="0.006" /><testcase classname="tests.contract.test_columnar_runtime" name="test_columnar_dependencies_match_locked_contract" time="0.009" /><testcase classname="tests.contract.test_columnar_runtime" name="test_arrow_polars_lazy_transform_contract" time="0.013" /><testcase classname="tests.contract.test_columnar_runtime" name="test_p02_schema_registry_contains_data_contracts" time="0.002" /><testcase classname="tests.contract.test_config_contract" name="test_unknown_fields_and_secret_values_are_rejected" time="0.001" /><testcase classname="tests.contract.test_config_contract" name="test_live_environment_and_capabilities_remain_locked" time="0.001" /><testcase classname="tests.contract.test_config_contract" name="test_content_hash_is_deterministic_and_schema_validates_dump" time="0.004" /><testcase classname="tests.contract.test_event_contracts" name="test_every_generated_contract_is_valid_and_registry_hash_is_exact" time="3.743" /><testcase classname="tests.contract.test_event_contracts" name="test_event_round_trip_preserves_economic_fields_and_version" time="0.001" /><testcase classname="tests.contract.test_event_contracts" name="test_explicit_schema_migration_is_deterministic_and_compatible" time="0.001" /><testcase classname="tests.contract.test_event_contracts" name="test_source_identity_v1_migration_uses_first_observation_as_safe_availability" time="0.001" /><testcase classname="tests.contract.test_nautilus_replay" name="test_fixed_replay_is_identical_across_fresh_engines" time="0.521" /><testcase classname="tests.contract.test_p06_nautilus_contract" name="test_pinned_nautilus_replay_is_deterministic_and_read_only" time="0.025" /><testcase classname="tests.contract.test_p12_nautilus_execution" name="test_installed_nautilus_execution_contract_is_inspected_without_instantiation" time="0.077" /><testcase classname="tests.contract.test_p12_secondary_venues" name="test_secondary_venue_contracts_can_never_send[venue_id0]" time="0.010" /><testcase classname="tests.contract.test_p12_secondary_venues" name="test_secondary_venue_contracts_can_never_send[venue_id1]" time="0.008" /><testcase classname="tests.contract.test_p12_secondary_venues" name="test_secondary_venue_contracts_can_never_send[venue_id2]" time="0.007" /><testcase classname="tests.contract.test_source_policy" name="test_default_deny_policy_is_valid_and_denies_every_boundary" time="0.004" /><testcase classname="tests.contract.test_source_policy" name="test_denied_policy_cannot_enable_processing[access_method-OFFICIAL_API]" time="0.004" /><testcase classname="tests.contract.test_source_policy" name="test_denied_policy_cannot_enable_processing[raw_storage-ENCRYPTED_LOCAL]" time="0.002" /><testcase classname="tests.contract.test_source_policy" name="test_denied_policy_cannot_enable_processing[derived_storage-ALLOWED]" time="0.002" /><testcase classname="tests.contract.test_source_policy" name="test_denied_policy_cannot_enable_processing[cloud_inference-ALLOWED]" time="0.003" /><testcase classname="tests.contract.test_source_policy" name="test_denied_policy_cannot_enable_processing[fine_tuning-EXPLICIT_APPROVAL_REQUIRED]" time="0.003" /><testcase classname="tests.contract.test_source_policy" name="test_denied_policy_cannot_enable_processing[display_mode-DERIVED_ONLY]" time="0.003" /><testcase classname="tests.contract.test_source_policy" name="test_denied_policy_cannot_enable_processing[redistribution-IDS_ONLY]" time="0.002" /><testcase classname="tests.contract.test_source_policy" name="test_denied_policy_cannot_enable_processing[retention_days-1]" time="0.003" /><testcase classname="tests.execution.test_accounts" name="test_gap_requires_rest_snapshot_before_sync" time="0.002" /><testcase classname="tests.execution.test_accounts" name="test_snapshot_reconciles_and_reports_order_differences" time="0.009" /><testcase classname="tests.execution.test_accounts" name="test_duplicate_account_event_is_idempotent" time="0.001" /><testcase classname="tests.execution.test_adapter_recovery" name="test_adapter_protocol_submit_replay_partial_fill_and_cancel" time="0.008" /><testcase classname="tests.execution.test_adapter_recovery" name="test_submit_timeout_is_not_blindly_retried" time="0.007" /><testcase classname="tests.execution.test_adapter_recovery" name="test_new_retry_generation_cannot_duplicate_economic_idempotency_key" time="0.008" /><testcase classname="tests.execution.test_adapter_recovery" name="test_exhaustive_absence_allows_new_generation_only" time="0.008" /><testcase classname="tests.execution.test_adapter_recovery" name="test_disconnect_blocks_queries_until_reconnect" time="0.007" /><testcase classname="tests.execution.test_adapter_recovery" name="test_cancel_timeout_is_reconciled_from_terminal_order_evidence" time="0.010" /><testcase classname="tests.execution.test_adapter_recovery" name="test_cancel_replace_race_rejects_amend_after_cancel" time="0.010" /><testcase classname="tests.execution.test_adapter_recovery" name="test_disconnected_submit_recovery_stays_manual" time="0.010" /><testcase classname="tests.execution.test_algorithms" name="test_maker_taker_choice_uses_total_expected_cost" time="0.001" /><testcase classname="tests.execution.test_algorithms" name="test_twap_preserves_exact_total_and_time_bounds" time="0.003" /><testcase classname="tests.execution.test_algorithms" name="test_reduce_only_protected_price_is_side_aware" time="0.002" /><testcase classname="tests.execution.test_commands" name="test_translation_is_deterministic_and_content_addressed" time="0.002" /><testcase classname="tests.execution.test_commands" name="test_rejected_risk_decision_cannot_reach_command_boundary" time="0.001" /><testcase classname="tests.execution.test_commands" name="test_expired_risk_or_intent_is_rejected" time="0.001" /><testcase classname="tests.execution.test_commands" name="test_non_finite_or_nonpositive_notional_never_validates" time="0.002" /><testcase classname="tests.execution.test_groups" name="test_unbalanced_partial_group_requires_hedge_or_halt" time="0.003" /><testcase classname="tests.execution.test_groups" name="test_balanced_group_completes_without_naked_exposure" time="0.002" /><testcase classname="tests.execution.test_groups" name="test_group_leg_overfill_is_rejected" time="0.001" /><testcase classname="tests.execution.test_lifecycle" name="test_start_submit_quiesce_stop" time="0.010" /><testcase classname="tests.execution.test_lifecycle" name="test_unknown_submit_cannot_be_sent_again_before_recovery" time="0.009" /><testcase classname="tests.execution.test_lifecycle" name="test_startup_mismatch_halts_before_new_orders" time="0.010" /><testcase classname="tests.execution.test_lifecycle" name="test_crash_restart_reconciles_known_open_order_before_running" time="0.009" /><testcase classname="tests.execution.test_rate_limit" name="test_cancel_and_reconciliation_preempt_new_orders" time="0.002" /><testcase classname="tests.execution.test_rate_limit" name="test_safety_request_evicts_background_under_backpressure" time="0.002" /><testcase classname="tests.execution.test_rate_limit" name="test_idempotency_and_jitter_are_deterministic" time="0.001" /><testcase classname="tests.execution.test_rules" name="test_valid_order_uses_exact_point_in_time_rules" time="0.001" /><testcase classname="tests.execution.test_rules" name="test_illegal_precision_is_rejected_locally" time="0.001" /><testcase classname="tests.execution.test_rules" name="test_stale_and_close_only_rules_fail_closed" time="0.001" /><testcase classname="tests.execution.test_state_machine" name="test_full_state_path_replays_deterministically" time="0.001" /><testcase classname="tests.execution.test_state_machine" name="test_duplicate_is_idempotent_and_late_event_never_rolls_back" time="0.001" /><testcase classname="tests.execution.test_state_machine" name="test_sequence_gap_and_timeout_require_recovery" time="0.002" /><testcase classname="tests.execution.test_state_machine" name="test_venue_overfill_is_rejected_as_impossible_economic_fact" time="0.001" /><testcase classname="tests.integration.test_carry_recovery_two_ledgers" name="test_partial_second_leg_recovery_flattens_both_cash_funded_ledgers" time="0.022" /><testcase classname="tests.integration.test_cat_multi_asset_units" name="test_default_btc_replay_preserves_frozen_pre_expansion_result" time="0.021" /><testcase classname="tests.integration.test_cat_multi_asset_units" name="test_asset_units_precision_and_cash_identity_survive_replay[ETH-0.0001]" time="0.023" /><testcase classname="tests.integration.test_cat_multi_asset_units" name="test_asset_units_precision_and_cash_identity_survive_replay[SOL-0.001]" time="0.023" /><testcase classname="tests.integration.test_cat_multi_asset_units" name="test_asset_units_precision_and_cash_identity_survive_replay[XRP-0.1]" time="0.022" /><testcase classname="tests.integration.test_cost_aware_trend_end_to_end" name="test_completed_features_gate_quantity_next_open_ledger_and_terminal_exit" time="0.028" /><testcase classname="tests.integration.test_cost_stress_matrix" name="test_fixed_orders_cost_stress_preserves_fill_path_and_decreases_net_equity" time="0.064" /><testcase classname="tests.integration.test_p12_atomic_fill" name="test_fill_ledger_event_and_outbox_commit_once" time="2.808" /><testcase classname="tests.integration.test_p12_atomic_fill" name="test_outbox_failure_rolls_back_ledger_and_memory" time="0.443" /><testcase classname="tests.integration.test_p12_execution_e2e" name="test_testnet_semantics_execute_end_to_end_without_network" time="0.010" /><testcase classname="tests.integration.test_p13_runtime_e2e" name="test_runtime_chain_recovers_without_duplicate_economic_facts" time="0.006" /><testcase classname="tests.integration.test_p13_runtime_e2e" name="test_daily_reconciliation_difference_halts_without_repair" time="0.001" /><testcase classname="tests.integration.test_p14_dashboard_flow" name="test_overview_records_are_the_service_side_projection" time="0.153" /><testcase classname="tests.integration.test_p14_readmodels" name="test_snapshot_round_trip_is_atomic_and_service_role_is_read_only" time="0.619" /><testcase classname="tests.integration.test_p15_workbench" name="test_workbench_and_domain_routes_share_snapshot" time="0.301" /><testcase classname="tests.integration.test_p15_workbench" name="test_every_visible_order_has_complete_honest_trace" time="0.221" /><testcase classname="tests.integration.test_p15_workbench" name="test_downsample_and_etag_contract" time="0.186" /><testcase classname="tests.integration.test_postgres_contract" name="test_empty_database_upgrade_and_full_rollback" time="0.368" /><testcase classname="tests.integration.test_postgres_contract" name="test_event_outbox_and_inbox_replay_are_idempotent" time="0.429" /><testcase classname="tests.integration.test_postgres_contract" name="test_outbox_failure_rolls_back_event_atomically" time="0.416" /><testcase classname="tests.integration.test_postgres_contract" name="test_accounting_facts_projections_reconciliation_and_snapshots_are_durable" time="0.491" /><testcase classname="tests.integration.test_same_signal_before_after_backtest_fix" name="test_identical_frozen_signal_measures_cost_timing_without_retraining" time="0.003" /><testcase classname="tests.integration.test_same_signal_before_after_backtest_fix" name="test_random_shifts_preserve_complete_holding_durations_and_transition_units" time="0.004" /><testcase classname="tests.integration.test_walkforward_holdout_firewall" name="test_durable_firewall_denies_unfrozen_used_and_second_access" time="0.005" /><testcase classname="tests.intelligence.test_dedupe" name="test_copy_and_rename_cluster_across_ast_ir_and_behavior" time="0.006" /><testcase classname="tests.intelligence.test_discovery" name="test_public_discovery_is_metadata_only_and_deterministic" time="0.002" /><testcase classname="tests.intelligence.test_discovery" name="test_public_discovery_rejects_secret_query_and_unapproved_host" time="0.001" /><testcase classname="tests.intelligence.test_knowledge_models" name="test_rights_unknown_cannot_export_public_text" time="0.001" /><testcase classname="tests.intelligence.test_knowledge_models" name="test_manual_source_manifest_rejects_missing_user_access" time="0.001" /><testcase classname="tests.intelligence.test_safe_importer" name="test_manual_export_is_immutable_and_html_is_inert" time="0.128" /><testcase classname="tests.intelligence.test_safe_importer" name="test_zip_path_traversal_and_compression_bomb_are_rejected" time="0.010" /><testcase classname="tests.intelligence.test_safe_importer" name="test_macro_input_is_rejected" time="0.006" /><testcase classname="tests.intelligence.test_safe_importer" name="test_directory_symlink_is_rejected_without_following_it" time="0.004" /><testcase classname="tests.intelligence.test_safe_importer" name="test_windows_directory_publish_retries_a_transient_lock" time="0.070" /><testcase classname="tests.intelligence.test_strategy_audit" name="test_audit_flags_point_in_time_universe_and_restricted_rights" time="0.007" /><testcase classname="tests.intelligence.test_strategy_audit" name="test_negative_shift_is_rejected_as_lookahead" time="0.005" /><testcase classname="tests.intelligence.test_strategy_ir" name="test_rule_extraction_links_every_supported_assertion_to_exact_evidence" time="0.004" /><testcase classname="tests.intelligence.test_strategy_ir" name="test_ai_ir_lane_rejects_fabricated_or_unused_evidence" time="0.005" /><testcase classname="tests.intelligence.test_strategy_ir" name="test_ai_proposal_contract_has_no_execution_or_publication_state" time="0.003" /><testcase classname="tests.intelligence.test_translation" name="test_three_crypto_rewrites_have_explicit_semantic_changes" time="0.001" /><testcase classname="tests.intelligence.test_translation" name="test_three_candidates_use_same_event_backtest_contract_and_replay" time="0.065" /><testcase classname="tests.intelligence.world.test_annotation" name="test_ontology_is_versioned_and_annotation_is_evidence_bound" time="0.002" /><testcase classname="tests.intelligence.world.test_annotation" name="test_active_learning_prioritizes_uncertain_impactful_allowed_items" time="0.001" /><testcase classname="tests.intelligence.world.test_committee_paths" name="test_fast_and_deep_paths_keep_skeptic_and_fixed_budget[FAST-24-1]" time="0.002" /><testcase classname="tests.intelligence.world.test_committee_paths" name="test_fast_and_deep_paths_keep_skeptic_and_fixed_budget[DEEP-128-3]" time="0.002" /><testcase classname="tests.intelligence.world.test_committee_paths" name="test_low_evidence_or_expert_abstention_is_structured" time="0.001" /><testcase classname="tests.intelligence.world.test_committee_paths" name="test_committee_cannot_escalate_evidence_or_publish_order" time="0.002" /><testcase classname="tests.intelligence.world.test_committee_paths" name="test_single_social_post_never_becomes_an_order" time="0.001" /><testcase classname="tests.intelligence.world.test_credibility" name="test_credibility_separates_officiality_manipulation_and_independence" time="0.001" /><testcase classname="tests.intelligence.world.test_event_graph" name="test_normalization_and_translation_preserve_auditable_hashes" time="0.001" /><testcase classname="tests.intelligence.world.test_event_graph" name="test_one_hundred_reposts_count_as_one_independent_family" time="0.006" /><testcase classname="tests.intelligence.world.test_event_graph" name="test_near_duplicate_and_cross_platform_entities_are_deterministic" time="0.003" /><testcase classname="tests.intelligence.world.test_event_graph" name="test_high_impact_event_bundle_traces_policy_model_conflict_and_skeptic" time="0.002" /><testcase classname="tests.intelligence.world.test_event_graph" name="test_event_state_uses_independent_families_not_profile_count" time="0.003" /><testcase classname="tests.intelligence.world.test_event_graph" name="test_narrative_state_counts_cross_platform_independence_and_coordination" time="0.001" /><testcase classname="tests.intelligence.world.test_event_replay" name="test_replay_preserves_first_update_delete_and_point_in_time_engagement" time="0.001" /><testcase classname="tests.intelligence.world.test_event_replay" name="test_replay_rejects_ledger_that_lost_the_first_version" time="0.001" /><testcase classname="tests.intelligence.world.test_event_replay" name="test_future_engagement_audit_never_reads_later_popularity" time="0.001" /><testcase classname="tests.intelligence.world.test_event_replay" name="test_latency_stress_recomputes_eligibility_at_all_required_delays" time="0.001" /><testcase classname="tests.intelligence.world.test_event_replay" name="test_pretrend_and_placebo_preserve_negative_audit_results" time="0.001" /><testcase classname="tests.intelligence.world.test_event_replay" name="test_no_increment_source_can_be_retained_for_risk_or_retired[0.1-0-0.8-0.8-RETAIN]" time="0.001" /><testcase classname="tests.intelligence.world.test_event_replay" name="test_no_increment_source_can_be_retained_for_risk_or_retired[0-0.1-0.8-0.7-RISK_ONLY]" time="0.002" /><testcase classname="tests.intelligence.world.test_event_replay" name="test_no_increment_source_can_be_retained_for_risk_or_retired[0-0-0.1-0.3-RETIRE]" time="0.002" /><testcase classname="tests.intelligence.world.test_event_replay" name="test_no_increment_source_can_be_retained_for_risk_or_retired[0-0-0.8-0.8-MONITOR]" time="0.002" /><testcase classname="tests.intelligence.world.test_impact_fusion" name="test_fusion_requires_point_in_time_price_book_oi_funding_basis_and_onchain" time="0.003" /><testcase classname="tests.intelligence.world.test_impact_fusion" name="test_fused_forecast_is_multi_asset_multi_horizon_and_proposal_only" time="0.002" /><testcase classname="tests.intelligence.world.test_impact_fusion" name="test_same_budget_ablation_reports_positive_and_negative_results_without_selection" time="0.002" /><testcase classname="tests.intelligence.world.test_impact_fusion" name="test_ablation_rejects_budget_mismatch_and_future_features" time="0.002" /><testcase classname="tests.intelligence.world.test_macro_onchain_sources" name="test_alfred_replays_the_latest_available_vintage_without_future_revision" time="0.001" /><testcase classname="tests.intelligence.world.test_macro_onchain_sources" name="test_alfred_requires_observed_availability_for_every_vintage" time="0.001" /><testcase classname="tests.intelligence.world.test_macro_onchain_sources" name="test_public_and_credentialed_source_requests_are_explicit" time="0.001" /><testcase classname="tests.intelligence.world.test_macro_onchain_sources" name="test_coin_metrics_and_defillama_keep_available_time_and_quality" time="0.001" /><testcase classname="tests.intelligence.world.test_macro_onchain_sources" name="test_dune_registry_rejects_writes_and_manifests_results" time="0.007" /><testcase classname="tests.intelligence.world.test_read_models" name="test_five_read_models_are_typed_and_point_in_time" time="0.001" /><testcase classname="tests.intelligence.world.test_read_models" name="test_read_model_rejects_future_rows" time="0.001" /><testcase classname="tests.intelligence.world.test_social_source_contracts" name="test_social_contracts_use_official_read_only_routes_and_degrade_without_credentials" time="0.001" /><testcase classname="tests.intelligence.world.test_social_source_contracts" name="test_bluesky_v2_is_canonical_and_v1_is_explicit_legacy" time="0.001" /><testcase classname="tests.intelligence.world.test_social_source_contracts" name="test_gdelt_only_discovers_and_traces_original_source" time="0.001" /><testcase classname="tests.intelligence.world.test_social_source_contracts" name="test_gap_planner_records_recoverable_and_permanent_gaps" time="0.001" /><testcase classname="tests.intelligence.world.test_social_source_contracts" name="test_unavailable_source_and_llm_degrade_without_permission_or_time_escalation" time="0.001" /><testcase classname="tests.intelligence.world.test_source_policy" name="test_unknown_rights_fail_closed_for_sensitive_uses" time="0.001" /><testcase classname="tests.intelligence.world.test_source_policy" name="test_policy_distinguishes_local_and_cloud_use" time="0.001" /><testcase classname="tests.intelligence.world.test_source_policy" name="test_reddit_and_discord_are_disabled_by_default" time="0.001" /><testcase classname="tests.intelligence.world.test_source_policy" name="test_official_catalog_covers_required_authority_classes" time="0.002" /><testcase classname="tests.intelligence.world.test_source_policy" name="test_machine_registry_enables_public_sources_and_blocks_unconfigured_sources" time="0.049" /><testcase classname="tests.mutation.test_p05_mutation_gate" name="test_p05_mutation_report_meets_configured_threshold" time="0.004" /><testcase classname="tests.mutation.test_p06_mutation_gate" name="test_p06_mutation_report_meets_configured_threshold" time="0.002" /><testcase classname="tests.mutation.test_p08_mutation_gate" name="test_p08_mutation_report_meets_configured_threshold" time="0.002" /><testcase classname="tests.mutation.test_p09_mutation_gate" name="test_p09_mutation_report_meets_configured_threshold" time="0.002" /><testcase classname="tests.mutation.test_p10_mutation_gate" name="test_p10_mutation_score_meets_threshold" time="0.003" /><testcase classname="tests.mutation.test_p11_mutation_gate" name="test_p11_mutation_score_meets_threshold" time="0.002" /><testcase classname="tests.mutation.test_p12_mutation_gate" name="test_p12_mutation_score_meets_threshold" time="0.002" /><testcase classname="tests.mutation.test_p13_mutation_gate" name="test_p13_mutation_score_meets_threshold" time="0.002" /><testcase classname="tests.mutation.test_p14_mutation_gate" name="test_p14_mutation_score_meets_threshold" time="0.003" /><testcase classname="tests.mutation.test_p15_mutation_gate" name="test_p15_mutation_evidence_passes" time="0.002" /><testcase classname="tests.mutation.test_p16_mutation_gate" name="test_p16_mutation_evidence_passes" time="0.003" /><testcase classname="tests.observability.test_alerts" name="test_sev0_reaches_real_loopback_receiver_and_is_deduplicated" time="0.531" /><testcase classname="tests.observability.test_alerts" name="test_maintenance_suppresses_low_severity_but_never_sev0" time="0.001" /><testcase classname="tests.observability.test_alerts" name="test_incident_lifecycle_is_strict_and_audited" time="0.001" /><testcase classname="tests.observability.test_alerts" name="test_webhook_rejects_plaintext_remote_and_embedded_credentials" time="0.001" /><testcase classname="tests.observability.test_correlation" name="test_event_correlates_log_metric_and_trace_without_high_cardinality_labels" time="0.003" /><testcase classname="tests.observability.test_correlation" name="test_redaction_is_recursive_and_masks_inline_credentials" time="0.001" /><testcase classname="tests.observability.test_correlation" name="test_metrics_reject_unbounded_event_labels_and_map_unknown_routes" time="0.001" /><testcase classname="tests.observability.test_correlation" name="test_broken_exporter_is_converted_to_failure" time="0.001" /><testcase classname="tests.operations.live_readiness.test_evaluation" name="test_all_hard_gates_can_reach_readiness_go_without_order_capability" time="0.002" /><testcase classname="tests.operations.live_readiness.test_evaluation" name="test_one_blocked_hard_gate_forces_no_go_without_weighted_override" time="0.001" /><testcase classname="tests.operations.live_readiness.test_evaluation" name="test_review_contract_rejects_duplicate_gates_false_go_and_consumed_unlock" time="0.001" /><testcase classname="tests.operations.live_readiness.test_evaluation" name="test_p18_never_exposes_the_separate_live_unlock_flow" time="0.001" /><testcase classname="tests.operations.live_readiness.test_evaluation" name="test_capital_ladder_uses_lower_dual_cap_and_zero_operational_limits" time="0.003" /><testcase classname="tests.operations.live_readiness.test_evaluation" name="test_scope_and_capital_contracts_reject_expansion_without_approval" time="0.002" /><testcase classname="tests.operations.live_readiness.test_evaluation" name="test_manifest_signature_detects_tampering_and_never_authorizes_live" time="0.002" /><testcase classname="tests.operations.live_readiness.test_evaluation" name="test_manifest_rejects_long_expiry_or_live_authorization_flags" time="0.002" /><testcase classname="tests.operations.test_backup_restore" name="test_encrypted_backup_restores_and_verifies_ledger_and_reconciliation" time="6.581" /><testcase classname="tests.operations.test_release" name="test_independently_signed_healthy_release_can_enter_paper_only" time="0.003" /><testcase classname="tests.operations.test_release" name="test_same_key_or_failed_check_keeps_release_halted" time="0.002" /><testcase classname="tests.operations.test_release" name="test_expired_manifest_and_rollback_never_auto_resume" time="0.002" /><testcase classname="tests.p00.test_access_requests" name="test_access_requests_never_request_secret_values" time="0.007" /><testcase classname="tests.p00.test_access_requests" name="test_data_access_state_records_no_connection" time="0.003" /><testcase classname="tests.p00.test_adr_inventory" name="test_required_p00_decisions_are_accepted" time="0.023" /><testcase classname="tests.p00.test_ci_security_artifacts" name="test_security_and_compliance_evidence_passed" time="0.004" /><testcase classname="tests.p00.test_ci_security_artifacts" name="test_sboms_are_cyclonedx_json" time="0.005" /><testcase classname="tests.p00.test_ci_security_artifacts" name="test_nautilus_compatibility_is_actual_and_live_denied" time="0.002" /><testcase classname="tests.p00.test_ci_security_artifacts" name="test_ci_and_threat_model_cover_p00_gates" time="0.003" /><testcase classname="tests.p00.test_dependency_locks" name="test_python_direct_dependencies_are_exact" time="0.004" /><testcase classname="tests.p00.test_dependency_locks" name="test_web_direct_dependencies_are_exact" time="0.002" /><testcase classname="tests.p00.test_dependency_locks" name="test_dependency_matrix_is_fail_closed" time="0.002" /><testcase classname="tests.p00.test_directory_manifest" name="test_manifest_is_complete_and_materialized" time="0.005" /><testcase classname="tests.p00.test_directory_manifest" name="test_bootstrap_is_safe_and_idempotent" time="0.243" /><testcase classname="tests.p00.test_host_capabilities" name="test_host_probe_is_explicit_and_non_secret" time="0.004" /><testcase classname="tests.p00.test_intelligence_templates" name="test_event_ontology_is_evidence_first" time="0.008" /><testcase classname="tests.p00.test_intelligence_templates" name="test_entity_registry_requires_versioned_evidence" time="0.004" /><testcase classname="tests.p00.test_no_incomplete_implementation" name="test_no_incomplete_markers_in_implementation" time="14.138" /><testcase classname="tests.p00.test_phase_boundary" name="test_only_bootstrap_package_contains_python_implementation" time="0.002" /><testcase classname="tests.p00.test_phase_boundary" name="test_future_service_directories_are_empty" time="0.002" /><testcase classname="tests.p00.test_project_state" name="test_phase_state_advances_one_accepted_phase_at_a_time" time="0.015" /><testcase classname="tests.p00.test_project_state" name="test_acceptance_state_has_evidence_when_closed" time="0.013" /><testcase classname="tests.p00.test_repository_baseline" name="test_required_repository_files_exist" time="0.002" /><testcase classname="tests.p00.test_repository_baseline" name="test_source_repository_matches_local_git_policy" time="0.092" /><testcase classname="tests.p00.test_required_reports" name="test_all_mandatory_p00_reports_exist" time="0.003" /><testcase classname="tests.p00.test_required_reports" name="test_results_follow_the_spec_schema" time="0.002" /><testcase classname="tests.p00.test_required_reports" name="test_accepted_state_is_bound_to_manifest" time="0.010" /><testcase classname="tests.p00.test_required_reports" name="test_manifest_hashes_every_declared_artifact" time="5.259" /><testcase classname="tests.p00.test_spec_integrity" name="test_specification_copy_is_byte_identical" time="0.005" /><testcase classname="tests.p00.test_spec_integrity" name="test_spec_index_records_frozen_identity" time="0.002" /><testcase classname="tests.p00.test_traceability" name="test_every_normative_keyword_occurrence_is_traced" time="0.018" /><testcase classname="tests.p00.test_traceability" name="test_p00_requirements_have_explicit_status" time="0.006" /><testcase classname="tests.p00.test_v5_evidence_reset" name="test_v5_spec_is_current_ssot_and_phase_never_regresses_before_p00" time="0.023" /><testcase classname="tests.p00.test_v5_evidence_reset" name="test_non_real_tiers_fail_closed_for_alpha_promotion" time="0.003" /><testcase classname="tests.p00.test_v5_evidence_reset" name="test_every_historical_report_has_one_hash_bound_non_promotable_tier" time="0.235" /><testcase classname="tests.p00.test_v5_evidence_reset" name="test_known_fixture_synthetic_and_placeholder_evidence_is_quarantined" time="0.003" /><testcase classname="tests.p01.test_phase_evidence" name="test_p01_phase_boundary_and_traceability" time="0.020" /><testcase classname="tests.p01.test_phase_evidence" name="test_p01_report_set_matches_phase_status" time="0.019" /><testcase classname="tests.p01.test_phase_evidence" name="test_accepted_p01_state_is_bound_to_manifest" time="0.019" /><testcase classname="tests.p02.test_archive_scanner" name="test_encrypted_revisions_are_immutable_and_tombstones_block_rehydration" time="0.090" /><testcase classname="tests.p02.test_archive_scanner" name="test_metadata_only_archive_retains_hash_not_payload" time="0.070" /><testcase classname="tests.p02.test_archive_scanner" name="test_scanner_is_read_only_streaming_and_proposal_only" time="0.115" /><testcase classname="tests.p02.test_archive_scanner" name="test_scanner_refuses_to_write_inside_source_root" time="0.005" /><testcase classname="tests.p02.test_phase_evidence" name="test_p02_acceptance_is_preserved_while_later_phase_is_current_and_live_remains_locked" time="0.013" /><testcase classname="tests.p02.test_phase_evidence" name="test_every_p02_requirement_is_verified" time="0.007" /><testcase classname="tests.p02.test_phase_evidence" name="test_mandatory_p02_data_artifacts_are_real_and_explicitly_synthetic" time="0.003" /><testcase classname="tests.p02.test_phase_evidence" name="test_p02_report_set_and_manifest_match_acceptance_state" time="0.004" /><testcase classname="tests.p02.test_pit_query" name="test_pit_join_filters_future_availability_revision_and_engagement" time="0.076" /><testcase classname="tests.p02.test_pit_query" name="test_pit_identifier_injection_is_rejected" time="0.002" /><testcase classname="tests.p02.test_pit_query" name="test_point_in_time_join_excludes_content_deleted_by_decision_time" time="0.033" /><testcase classname="tests.p02.test_pit_query" name="test_query_layer_allows_only_local_parquet_and_counts_without_materializing" time="0.087" /><testcase classname="tests.p02.test_pit_query" name="test_duckdb_security_configuration_is_locked" time="0.028" /><testcase classname="tests.p02.test_registry_lake" name="test_provider_registry_is_fail_closed" time="0.064" /><testcase classname="tests.p02.test_registry_lake" name="test_content_time_semantics_rejects_lookahead" time="0.001" /><testcase classname="tests.p02.test_registry_lake" name="test_same_table_has_same_dataset_identity_and_single_catalog_row" time="0.118" /><testcase classname="tests.p02.test_registry_lake" name="test_raw_parquet_cannot_bypass_encrypted_revision_archive" time="0.069" /><testcase classname="tests.p02.test_registry_lake" name="test_quality_failures_quarantine_non_gold_and_block_gold" time="0.103" /><testcase classname="tests.p02.test_registry_lake" name="test_schema_registry_and_checkpoint_are_atomic_and_idempotent" time="0.013" /><testcase classname="tests.p02.test_registry_lake" name="test_approved_provider_allows_declared_collection_boundary" time="0.072" /><testcase classname="tests.p03.test_contract_inventory" name="test_machine_inventory_matches_code_and_contains_no_auth" time="0.017" /><testcase classname="tests.p03.test_contract_inventory" name="test_public_url_builders_are_allowlisted_and_reject_private_material" time="0.003" /><testcase classname="tests.p03.test_contract_inventory" name="test_registry_schema_allows_one_public_adapter_but_no_trading_adapter" time="0.004" /><testcase classname="tests.p03.test_contract_inventory" name="test_binance_provider_and_public_archive_policy_are_approved" time="0.070" /><testcase classname="tests.p03.test_history_archive" name="test_history_pages_are_archived_and_checkpointed" time="0.100" /><testcase classname="tests.p03.test_history_archive" name="test_public_append_only_revision_rehydrates_without_a_secret" time="0.087" /><testcase classname="tests.p03.test_history_archive" name="test_revision_publication_retries_one_transient_filesystem_lock" time="0.114" /><testcase classname="tests.p03.test_history_archive" name="test_public_archive_download_requires_matching_official_checksum" time="0.009" /><testcase classname="tests.p03.test_history_archive" name="test_public_archive_checksum_mismatch_never_publishes_file" time="0.009" /><testcase classname="tests.p03.test_nautilus_semantics" name="test_nautilus_uses_current_usdm_public_and_market_routes_without_credentials" time="0.003" /><testcase classname="tests.p03.test_normalization" name="test_spot_and_usdm_instruments_preserve_status_and_pit_rules" time="0.005" /><testcase classname="tests.p03.test_normalization" name="test_kline_trade_book_depth_and_silver_time_contract" time="0.010" /><testcase classname="tests.p03.test_normalization" name="test_incomplete_kline_is_explicit_and_not_silently_closed" time="0.004" /><testcase classname="tests.p03.test_normalization" name="test_usdm_mark_funding_and_open_interest_have_explicit_units" time="0.005" /><testcase classname="tests.p03.test_orderbook" name="test_spot_buffer_snapshot_duplicate_late_and_gap" time="0.006" /><testcase classname="tests.p03.test_orderbook" name="test_usdm_requires_previous_final_update_id_after_first_event" time="0.004" /><testcase classname="tests.p03.test_orderbook" name="test_forced_resnapshot_drops_stale_watermark" time="0.003" /><testcase classname="tests.p03.test_phase_evidence" name="test_p03_boundary_is_explicit_and_live_trading_remains_locked" time="0.021" /><testcase classname="tests.p03.test_phase_evidence" name="test_p03_traceability_targets_are_real" time="0.018" /><testcase classname="tests.p03.test_phase_evidence" name="test_p03_acceptance_requires_qualifying_24_hour_evidence_or_explicit_waiver" time="0.016" /><testcase classname="tests.p03.test_quality_replay_changelog" name="test_kline_trade_and_book_ticker_consistency" time="0.004" /><testcase classname="tests.p03.test_quality_replay_changelog" name="test_fixture_round_trip_is_hash_checked_and_immutable" time="0.011" /><testcase classname="tests.p03.test_quality_replay_changelog" name="test_committed_live_fixture_is_public_hash_checked_and_manifested" time="0.004" /><testcase classname="tests.p03.test_quality_replay_changelog" name="test_changelog_watcher_hashes_dates_and_changes" time="0.008" /><testcase classname="tests.p03.test_rest" name="test_public_rest_sends_no_credentials_and_captures_rate_headers" time="0.003" /><testcase classname="tests.p03.test_rest" name="test_429_obeys_retry_after_then_succeeds" time="0.002" /><testcase classname="tests.p03.test_rest" name="test_terminal_rate_errors_are_classified[418-IP-BANNED-HALT]" time="0.002" /><testcase classname="tests.p03.test_rest" name="test_terminal_rate_errors_are_classified[429-RATE-LIMITED-RETRY]" time="0.002" /><testcase classname="tests.p03.test_rest" name="test_redirect_is_not_followed" time="0.003" /><testcase classname="tests.p03.test_soak_state" name="test_real_24_hour_evidence_can_claim_acceptance" time="0.002" /><testcase classname="tests.p03.test_soak_state" name="test_short_or_test_mode_run_cannot_claim_24_hour_acceptance" time="0.002" /><testcase classname="tests.p03.test_websocket_lifecycle" name="test_direct_public_stream_stops_cleanly_without_subscription_messages" time="0.012" /><testcase classname="tests.p03.test_websocket_lifecycle" name="test_forced_adapter_outage_reconnects_without_touching_host_network" time="0.015" /><testcase classname="tests.p03.test_websocket_lifecycle" name="test_server_shutdown_event_reconnects_before_delivering_payload" time="0.011" /><testcase classname="tests.p03.test_websocket_lifecycle" name="test_connection_attempt_limiter_uses_rolling_window" time="0.003" /><testcase classname="tests.p04.test_phase_evidence" name="test_p04_boundary_preserves_p03_waiver_and_live_lock" time="0.017" /><testcase classname="tests.p04.test_phase_evidence" name="test_p04_traceability_has_35_real_targets" time="0.015" /><testcase classname="tests.p04.test_phase_evidence" name="test_p04_machine_evidence_is_explicitly_public_or_fixture_only" time="0.003" /><testcase classname="tests.p04.test_phase_evidence" name="test_closed_p04_is_bound_to_reports_manifest_and_ci" time="0.016" /><testcase classname="tests.p05.test_ledger_core" name="test_policy_chart_and_entry_templates_are_versioned" time="0.004" /><testcase classname="tests.p05.test_ledger_core" name="test_spot_fifo_matches_committed_golden_fixture" time="0.005" /><testcase classname="tests.p05.test_ledger_core" name="test_spot_oversell_fails_before_any_state_change" time="0.006" /><testcase classname="tests.p05.test_ledger_core" name="test_linear_perpetual_reduces_reverses_and_keeps_fifo" time="0.005" /><testcase classname="tests.p05.test_ledger_core" name="test_instrument_contract_cannot_drift_within_one_ledger" time="0.005" /><testcase classname="tests.p05.test_ledger_core" name="test_inverse_contract_formula_is_exact_and_native_settled" time="0.002" /><testcase classname="tests.p05.test_ledger_core" name="test_dated_future_settlement_closes_all_lots_and_replays" time="0.006" /><testcase classname="tests.p05.test_ledger_core" name="test_cashflows_borrow_and_authoritative_pnl_decomposition" time="0.005" /><testcase classname="tests.p05.test_ledger_core" name="test_float_cannot_enter_authoritative_accounting_models" time="0.001" /><testcase classname="tests.p05.test_snapshots" name="test_daily_snapshot_is_signed_chained_and_rebuildable" time="0.005" /><testcase classname="tests.p05.test_snapshots" name="test_tampered_snapshot_signature_is_rejected" time="0.003" /><testcase classname="tests.p05.test_valuation_reconciliation" name="test_valuation_priority_unrealized_and_equity_are_authoritative" time="0.005" /><testcase classname="tests.p05.test_valuation_reconciliation" name="test_startup_continuous_and_reconnect_reconciliation_use_simulated_venue" time="0.003" /><testcase classname="tests.p05.test_valuation_reconciliation" name="test_snapshot_duplicate_keys_and_float_tolerance_are_rejected" time="0.002" /><testcase classname="tests.p05.test_valuation_reconciliation" name="test_duplicate_venue_events_are_classified_instead_of_discarded" time="0.001" /><testcase classname="tests.p06.test_artifacts" name="test_backtest_writer_emits_exact_required_artifacts_and_stable_hashes" time="0.108" /><testcase classname="tests.p06.test_costs_margin" name="test_fee_spread_slippage_and_impact_match_hand_calculation" time="0.007" /><testcase classname="tests.p06.test_costs_margin" name="test_funding_borrow_and_settlement_costs_match_hand_calculation" time="0.010" /><testcase classname="tests.p06.test_costs_margin" name="test_margin_bracket_breach_produces_explicit_reduce_only_liquidation" time="0.010" /><testcase classname="tests.p06.test_costs_margin" name="test_historical_margin_bracket_rejects_excess_leverage" time="0.008" /><testcase classname="tests.p06.test_costs_margin" name="test_historical_cost_schedule_changes_at_exact_effective_time" time="0.008" /><testcase classname="tests.p06.test_costs_margin" name="test_liquidation_order_closes_position_through_authoritative_balanced_ledger" time="0.020" /><testcase classname="tests.p06.test_costs_margin" name="test_isolated_margin_mode_is_preserved_in_evaluation_contract" time="0.011" /><testcase classname="tests.p06.test_fills_failures" name="test_bar_trade_quote_and_l2_fill_precision_are_explicit" time="0.002" /><testcase classname="tests.p06.test_fills_failures" name="test_disconnect_enters_unknown_without_blind_resubmit_or_fill" time="0.015" /><testcase classname="tests.p06.test_fills_failures" name="test_market_event_wins_equal_time_cancel_race_but_earlier_cancel_wins" time="0.022" /><testcase classname="tests.p06.test_fills_failures" name="test_partial_fill_and_failed_second_leg_preserve_balanced_ledger" time="0.011" /><testcase classname="tests.p06.test_fills_failures" name="test_cross_venue_legs_execute_sequentially_without_rollback" time="0.012" /><testcase classname="tests.p06.test_phase_evidence" name="test_p06_state_is_in_progress_with_live_lock_and_deferred_acceptance" time="0.014" /><testcase classname="tests.p06.test_phase_evidence" name="test_p06_traceability_has_13_verified_tasks_and_6_deferred_acceptance_rows" time="0.004" /><testcase classname="tests.p06.test_phase_evidence" name="test_p06_golden_backtest_has_exact_artifact_contract" time="0.003" /><testcase classname="tests.p06.test_phase_evidence" name="test_p06_machine_evidence_proves_contracts_without_account_access" time="0.004" /><testcase classname="tests.p06.test_rules_stress" name="test_historical_rule_change_alters_legality_at_exact_effective_time" time="0.008" /><testcase classname="tests.p06.test_rules_stress" name="test_historical_rule_gap_is_rejected_instead_of_silently_approximated" time="0.009" /><testcase classname="tests.p06.test_rules_stress" name="test_every_required_stress_scenario_has_an_explicit_effect[COST_MULTIPLIER]" time="0.010" /><testcase classname="tests.p06.test_rules_stress" name="test_every_required_stress_scenario_has_an_explicit_effect[LATENCY_MULTIPLIER]" time="0.012" /><testcase classname="tests.p06.test_rules_stress" name="test_every_required_stress_scenario_has_an_explicit_effect[LIQUIDITY_FACTOR]" time="0.010" /><testcase classname="tests.p06.test_rules_stress" name="test_every_required_stress_scenario_has_an_explicit_effect[CORRELATION_SHOCK]" time="0.011" /><testcase classname="tests.p06.test_rules_stress" name="test_every_required_stress_scenario_has_an_explicit_effect[STABLECOIN_DEPEG]" time="0.012" /><testcase classname="tests.p06.test_rules_stress" name="test_every_required_stress_scenario_has_an_explicit_effect[VENUE_HALT]" time="0.009" /><testcase classname="tests.p06.test_rules_stress" name="test_every_required_stress_scenario_has_an_explicit_effect[PRICE_GAP]" time="0.011" /><testcase classname="tests.p06.test_rules_stress" name="test_every_required_stress_scenario_has_an_explicit_effect[FUNDING_SHOCK]" time="0.013" /><testcase classname="tests.p06.test_rules_stress" name="test_every_required_stress_scenario_has_an_explicit_effect[ORDER_BOOK_GAP]" time="0.008" /><testcase classname="tests.p06.test_rules_stress" name="test_every_required_stress_scenario_has_an_explicit_effect[RATE_LIMIT_DISCONNECT]" time="0.011" /><testcase classname="tests.p06.test_rules_stress" name="test_every_required_stress_scenario_has_an_explicit_effect[MODEL_UNAVAILABLE]" time="0.009" /><testcase classname="tests.p06.test_rules_stress" name="test_every_required_stress_scenario_has_an_explicit_effect[DATA_LAG]" time="0.010" /><testcase classname="tests.p06.test_rules_stress" name="test_every_required_stress_scenario_has_an_explicit_effect[STRATEGY_FAILURE]" time="0.010" /><testcase classname="tests.p06.test_rules_stress" name="test_every_required_stress_scenario_has_an_explicit_effect[HISTORICAL_EVENT_REPLAY]" time="0.008" /><testcase classname="tests.p06.test_vector_event_consistency" name="test_zero_cost_immediate_fill_vector_and_event_engines_match" time="0.018" /><testcase classname="tests.p06.test_vector_event_consistency" name="test_event_replay_is_byte_semantically_deterministic" time="0.016" /><testcase classname="tests.p07.test_phase_evidence" name="test_p07_state_is_deferred_or_current_and_live_locked" time="0.014" /><testcase classname="tests.p07.test_phase_evidence" name="test_p07_traceability_has_verified_tasks_and_deferred_acceptance_rows" time="0.005" /><testcase classname="tests.p07.test_phase_evidence" name="test_p07_machine_evidence_is_point_in_time_cost_aware_and_account_free" time="0.005" /><testcase classname="tests.p07.test_phase_evidence" name="test_p07_scoreboard_and_dependency_contract_are_explicit" time="0.003" /><testcase classname="tests.p08.test_phase_evidence" name="test_p08_is_preserved_in_deferred_queue_after_later_phase_started" time="0.018" /><testcase classname="tests.p08.test_phase_evidence" name="test_p08_traceability_has_verified_tasks_and_deferred_acceptance_rows" time="0.007" /><testcase classname="tests.p08.test_phase_evidence" name="test_p08_research_factory_council_foundation_and_safety_evidence" time="0.003" /><testcase classname="tests.p08.test_phase_evidence" name="test_p08_reports_and_compliance_are_complete_without_formal_acceptance" time="0.006" /><testcase classname="tests.p09.test_phase_evidence" name="test_p09_state_is_verified_acceptance_deferred_and_preserved_after_p10_started" time="0.020" /><testcase classname="tests.p09.test_phase_evidence" name="test_p09_traceability_has_verified_tasks_and_deferred_acceptance_rows" time="0.004" /><testcase classname="tests.p09.test_phase_evidence" name="test_p09_import_static_ir_rights_and_discovery_are_fail_closed" time="0.003" /><testcase classname="tests.p09.test_phase_evidence" name="test_p09_dedupe_translation_frameworks_and_catalogs_are_reproducible" time="0.012" /><testcase classname="tests.p09.test_phase_evidence" name="test_p09_reports_and_compliance_are_complete_without_formal_acceptance" time="0.003" /><testcase classname="tests.p10.test_phase_evidence" name="test_p10_state_is_current_deferred_live_locked_and_p09_is_preserved" time="0.017" /><testcase classname="tests.p10.test_phase_evidence" name="test_p10_traceability_has_18_verified_tasks_and_10_deferred_acceptance_rows" time="0.006" /><testcase classname="tests.p10.test_phase_evidence" name="test_p10_source_contracts_are_vintage_reproducible_and_credentials_are_honest" time="0.004" /><testcase classname="tests.p10.test_phase_evidence" name="test_p10_dune_registry_and_official_catalog_are_reproducible" time="0.007" /><testcase classname="tests.p10.test_phase_evidence" name="test_p10_event_graph_counts_reposts_once_and_traces_committee_provenance" time="0.004" /><testcase classname="tests.p10.test_phase_evidence" name="test_p10_fusion_and_same_budget_ablation_keep_positive_and_negative_results" time="0.004" /><testcase classname="tests.p10.test_phase_evidence" name="test_p10_replay_excludes_future_revision_engagement_and_runs_all_stress_checks" time="0.005" /><testcase classname="tests.p10.test_phase_evidence" name="test_p10_five_read_models_and_source_retirement_are_materialized" time="0.005" /><testcase classname="tests.p10.test_phase_evidence" name="test_p10_phase_reports_and_security_evidence_are_complete" time="0.004" /><testcase classname="tests.p11.test_phase_evidence" name="test_p11_state_is_current_deferred_live_locked_and_p10_is_preserved" time="0.019" /><testcase classname="tests.p11.test_phase_evidence" name="test_p11_traceability_has_16_verified_tasks_and_7_deferred_acceptance_rows" time="0.006" /><testcase classname="tests.p11.test_phase_evidence" name="test_p11_portfolio_is_point_in_time_constrained_and_cannot_place_orders" time="0.004" /><testcase classname="tests.p11.test_phase_evidence" name="test_p11_risk_decision_is_independent_stale_safe_and_non_amplifying" time="0.004" /><testcase classname="tests.p11.test_phase_evidence" name="test_p11_pretrade_requires_risk_decision_and_remains_paper_only" time="0.003" /><testcase classname="tests.p11.test_phase_evidence" name="test_p11_state_machine_breakers_and_signed_playbooks_are_fail_closed" time="0.004" /><testcase classname="tests.p11.test_phase_evidence" name="test_p11_signed_policy_and_stress_evidence_are_nonproduction" time="0.003" /><testcase classname="tests.p11.test_phase_evidence" name="test_p11_phase_reports_and_security_evidence_are_complete" time="0.005" /><testcase classname="tests.p12.test_phase_evidence" name="test_p12_state_is_current_deferred_live_locked_and_p11_is_preserved" time="0.018" /><testcase classname="tests.p12.test_phase_evidence" name="test_p12_traceability_has_verified_tasks_and_honest_acceptance_statuses" time="0.004" /><testcase classname="tests.p12.test_phase_evidence" name="test_p12_submit_timeout_recovers_without_duplicate_economic_order" time="0.003" /><testcase classname="tests.p12.test_phase_evidence" name="test_p12_state_account_rules_and_commands_fail_closed" time="0.004" /><testcase classname="tests.p12.test_phase_evidence" name="test_p12_algorithms_groups_rate_limit_and_atomicity_are_bounded" time="0.004" /><testcase classname="tests.p12.test_phase_evidence" name="test_p12_testnet_and_nautilus_contracts_are_nonproduction" time="0.002" /><testcase classname="tests.p12.test_phase_evidence" name="test_p12_phase_reports_security_and_mutation_evidence_are_complete" time="0.003" /><testcase classname="tests.p13.test_phase_evidence" name="test_p13_state_is_nonfunded_live_locked_and_p12_is_preserved" time="0.017" /><testcase classname="tests.p13.test_phase_evidence" name="test_p13_traceability_has_verified_tasks_and_deferred_acceptance" time="0.005" /><testcase classname="tests.p13.test_phase_evidence" name="test_p13_three_modes_are_same_semantics_but_only_paper_has_virtual_fill" time="0.003" /><testcase classname="tests.p13.test_phase_evidence" name="test_p13_stability_is_bounded_and_explicitly_not_long_run_acceptance" time="0.002" /><testcase classname="tests.p13.test_phase_evidence" name="test_p13_chaos_incidents_reconciliation_and_market_limitations_are_safe" time="0.003" /><testcase classname="tests.p13.test_phase_evidence" name="test_p13_reports_mutation_security_and_compliance_are_complete" time="0.003" /><testcase classname="tests.p14.test_phase_evidence" name="test_p14_state_is_read_only_live_locked_and_acceptance_deferred" time="0.014" /><testcase classname="tests.p14.test_phase_evidence" name="test_p14_traceability_has_verified_tasks_and_deferred_acceptance" time="0.005" /><testcase classname="tests.p14.test_phase_evidence" name="test_p14_projection_and_postgres_contracts_are_deterministic" time="0.003" /><testcase classname="tests.p14.test_phase_evidence" name="test_p14_api_stream_client_and_web_surface_are_read_only" time="0.003" /><testcase classname="tests.p14.test_phase_evidence" name="test_p14_story_chart_state_e2e_and_performance_evidence_are_complete" time="0.005" /><testcase classname="tests.p14.test_phase_evidence" name="test_p14_final_reports_manifest_and_quality_results_are_consistent" time="0.006" /><testcase classname="tests.p15.test_downsampling" name="test_time_value_downsampling_preserves_boundaries_event_and_global_extrema" time="1.030" /><testcase classname="tests.p15.test_downsampling" name="test_candle_downsampling_preserves_high_and_low" time="0.552" /><testcase classname="tests.p15.test_downsampling" name="test_downsampling_rejects_unsafe_limits" time="0.001" /><testcase classname="tests.p15.test_phase_evidence" name="test_p15_state_is_non_live_and_acceptance_remains_deferred" time="0.012" /><testcase classname="tests.p15.test_phase_evidence" name="test_p15_ci_uses_the_repository_pinned_web_toolchain" time="0.005" /><testcase classname="tests.p15.test_phase_evidence" name="test_p15_traceability_has_verified_tasks_and_deferred_acceptance" time="0.003" /><testcase classname="tests.p15.test_phase_evidence" name="test_p15_routes_traces_performance_accessibility_and_safety_are_evidenced" time="0.003" /><testcase classname="tests.p15.test_phase_evidence" name="test_p15_final_reports_are_consistent_when_published" time="0.005" /><testcase classname="tests.p15.test_readmodels" name="test_p15_snapshot_is_deterministic_and_covers_workbench_domains" time="0.319" /><testcase classname="tests.p15.test_readmodels" name="test_p15_records_retain_source_hashes_and_safety_truth" time="0.145" /><testcase classname="tests.p15.test_readmodels" name="test_p15_payloads_reject_live_edits_recommendations_and_causal_overclaims" time="0.117" /><testcase classname="tests.p16.test_infrastructure_contracts" name="test_compose_is_digest_pinned_private_and_least_privilege" time="0.023" /><testcase classname="tests.p16.test_infrastructure_contracts" name="test_dockerfiles_pin_base_digests_and_web_uses_standalone" time="0.006" /><testcase classname="tests.p16.test_infrastructure_contracts" name="test_six_dashboards_are_provisioned_and_use_low_cardinality_metrics" time="0.004" /><testcase classname="tests.p16.test_infrastructure_contracts" name="test_observability_configs_link_metrics_logs_traces_and_alerts" time="0.008" /><testcase classname="tests.p16.test_infrastructure_contracts" name="test_reverse_proxy_requires_mtls_and_sets_csp" time="0.003" /><testcase classname="tests.p16.test_phase_evidence" name="test_p16_state_is_non_live_and_acceptance_remains_deferred" time="0.013" /><testcase classname="tests.p16.test_phase_evidence" name="test_p16_ci_has_operational_evidence_gates" time="0.003" /><testcase classname="tests.p16.test_phase_evidence" name="test_p16_traceability_has_verified_tasks_and_deferred_acceptance" time="0.004" /><testcase classname="tests.p16.test_phase_evidence" name="test_p16_observability_security_restore_and_release_are_evidenced" time="0.002" /><testcase classname="tests.p16.test_phase_evidence" name="test_p16_final_reports_are_consistent_when_published" time="0.007" /><testcase classname="tests.p16.test_runbook_contracts" name="test_all_canonical_runbooks_and_incident_templates_exist" time="0.012" /><testcase classname="tests.p16.test_runbook_contracts" name="test_deployment_handbook_and_backup_policy_remain_non_live" time="0.003" /><testcase classname="tests.p17.test_phase_evidence" name="test_p17_state_is_non_live_and_acceptance_remains_deferred" time="0.012" /><testcase classname="tests.p17.test_phase_evidence" name="test_p17_ci_has_provider_evidence_and_mutation_gates" time="0.002" /><testcase classname="tests.p17.test_phase_evidence" name="test_p17_traceability_has_verified_tasks_and_deferred_acceptance" time="0.003" /><testcase classname="tests.p17.test_phase_evidence" name="test_p17_zero_purchase_and_unmeasured_scores_are_explicit" time="0.003" /><testcase classname="tests.p17.test_phase_evidence" name="test_p17_ablation_news_degradation_and_authority_are_evidenced" time="0.002" /><testcase classname="tests.p17.test_phase_evidence" name="test_p17_final_reports_are_consistent_when_published" time="0.005" /><testcase classname="tests.p18.test_phase_evidence" name="test_p18_state_is_final_non_live_and_acceptance_remains_deferred" time="0.016" /><testcase classname="tests.p18.test_phase_evidence" name="test_p18_ci_has_readiness_evidence_and_mutation_gates" time="0.003" /><testcase classname="tests.p18.test_phase_evidence" name="test_p18_traceability_has_verified_tasks_and_deferred_acceptance" time="0.003" /><testcase classname="tests.p18.test_phase_evidence" name="test_p18_hard_gates_default_to_no_go_without_weighting" time="0.002" /><testcase classname="tests.p18.test_phase_evidence" name="test_p18_account_and_preproduction_evidence_are_honest" time="0.002" /><testcase classname="tests.p18.test_phase_evidence" name="test_p18_manifest_signature_is_integrity_only_and_artifacts_are_frozen" time="0.005" /><testcase classname="tests.p18.test_phase_evidence" name="test_p18_capital_stops_and_operating_cadence_are_fail_closed" time="0.009" /><testcase classname="tests.p18.test_phase_evidence" name="test_p18_required_readiness_reports_exist_without_acceptance" time="0.004" /><testcase classname="tests.p18.test_phase_evidence" name="test_p18_final_reports_are_consistent_when_published" time="0.006" /><testcase classname="tests.performance.test_accounting_performance" name="test_two_thousand_fill_replay_completes_within_ten_seconds" time="0.731" /><testcase classname="tests.performance.test_backtest_performance" name="test_p06_event_vector_throughput_memory_and_stability_evidence" time="0.002" /><testcase classname="tests.performance.test_data_foundation_evidence" name="test_p02_benchmark_and_inventory_are_real_bounded_artifacts" time="0.003" /><testcase classname="tests.performance.test_data_foundation_evidence" name="test_public_sample_is_pinned_metadata_only" time="0.002" /><testcase classname="tests.performance.test_p13_stability" name="test_seven_logical_days_are_bounded_but_not_wall_clock_acceptance" time="0.083" /><testcase classname="tests.performance.test_p13_stability" name="test_short_or_deferred_run_cannot_be_marked_qualifying" time="0.002" /><testcase classname="tests.portfolio.test_constraints" name="test_all_required_exposure_dimensions_are_policy_controlled" time="0.001" /><testcase classname="tests.portfolio.test_constraints" name="test_capacity_impact_turnover_and_group_limits_only_reduce_targets" time="0.003" /><testcase classname="tests.portfolio.test_constraints" name="test_turnover_projection_does_not_overshoot_by_decimal_rounding" time="0.003" /><testcase classname="tests.portfolio.test_risk_estimation" name="test_covariance_combines_shrinkage_factor_and_regime_risk" time="0.002" /><testcase classname="tests.portfolio.test_risk_estimation" name="test_covariance_rejects_asymmetric_or_future_availability" time="0.003" /><testcase classname="tests.portfolio.test_signals_optimizer" name="test_signal_is_clipped_discounted_and_can_enter_no_trade_zone" time="0.002" /><testcase classname="tests.portfolio.test_signals_optimizer" name="test_robust_optimizer_emits_explainable_proposal_only_output" time="0.003" /><testcase classname="tests.portfolio.test_signals_optimizer" name="test_optimizer_rejects_future_covariance" time="0.002" /><testcase classname="tests.property.pit.test_leakage" name="test_clean_point_in_time_records_pass_active_leakage_audit" time="0.002" /><testcase classname="tests.property.pit.test_leakage" name="test_injected_future_and_full_sample_leaks_are_all_detected" time="0.002" /><testcase classname="tests.property.pit.test_universe" name="test_point_in_time_universe_prevents_listing_delisting_and_revision_backfill" time="0.003" /><testcase classname="tests.property.pit.test_universe" name="test_universe_snapshot_is_content_addressed_and_reproducible" time="0.002" /><testcase classname="tests.property.test_accounting_properties" name="test_random_fill_sequences_are_balanced_idempotent_and_rebuildable" time="0.399" /><testcase classname="tests.property.test_backtest_economics" name="test_reduce_only_never_increases_or_reverses_absolute_position" time="0.363" /><testcase classname="tests.property.test_backtest_economics" name="test_higher_fees_and_slippage_cannot_improve_net_pnl_on_the_same_fills" time="0.623" /><testcase classname="tests.property.test_backtest_properties" name="test_nonnegative_cost_model_is_always_adverse_and_deterministic" time="0.765" /><testcase classname="tests.property.test_data_properties" name="test_canonical_hash_is_independent_of_mapping_insertion_order" time="0.264" /><testcase classname="tests.property.test_data_properties" name="test_pit_property_never_exposes_future_available_fact" time="0.853" /><testcase classname="tests.property.test_domain_properties" name="test_money_add_subtract_is_exact" time="0.145" /><testcase classname="tests.property.test_domain_properties" name="test_money_never_implicitly_accepts_float" time="0.092" /><testcase classname="tests.property.test_domain_properties" name="test_aware_time_normalizes_to_same_utc_instant" time="0.131" /><testcase classname="tests.property.test_domain_properties" name="test_versioned_round_trip_preserves_decimal_and_version" time="0.185" /><testcase classname="tests.property.test_domain_properties" name="test_idempotency_key_is_content_deterministic" time="0.082" /><testcase classname="tests.property.test_p12_execution_properties" name="test_twap_quantity_is_conserved" time="0.026" /><testcase classname="tests.property.test_p12_execution_properties" name="test_rate_limit_semantic_id_is_idempotent" time="0.103" /><testcase classname="tests.property.test_p12_execution_properties" name="test_client_order_identity_is_stable" time="0.002" /><testcase classname="tests.property.test_p13_runtime_properties" name="test_duplicate_market_event_never_creates_a_second_fill" time="0.263" /><testcase classname="tests.property.test_p13_runtime_properties" name="test_replayed_economic_command_remains_one_order" time="0.044" /><testcase classname="tests.property.test_portfolio_risk_properties" name="test_randomized_portfolio_outputs_satisfy_every_hard_constraint" time="0.159" /><testcase classname="tests.property.test_portfolio_risk_properties" name="test_strategy_cannot_amplify_risk_approved_delta" time="0.125" /><testcase classname="tests.property.test_portfolio_risk_properties" name="test_automatic_state_transition_never_becomes_less_safe" time="0.017" /><testcase classname="tests.property.test_v5_truth_properties" name="test_pit_never_selects_revision_before_its_availability" time="0.105" /><testcase classname="tests.property.test_v5_truth_properties" name="test_revision_selection_and_hash_are_input_order_independent" time="0.012" /><testcase classname="tests.readmodels.test_projections" name="test_rebuild_is_deterministic_and_every_record_has_provenance" time="0.066" /><testcase classname="tests.readmodels.test_projections" name="test_failed_candidate_does_not_replace_previous_snapshot" time="0.036" /><testcase classname="tests.readmodels.test_projections" name="test_cursor_is_projection_scoped_and_filtering_is_server_side" time="0.039" /><testcase classname="tests.readmodels.test_projections" name="test_projection_boundary_rejects_sensitive_fields" time="0.032" /><testcase classname="tests.replay.intelligence.test_p08_historical_event_replay" name="test_fomc_btc_replay_fixture_is_checksum_fixed_and_point_in_time" time="0.006" /><testcase classname="tests.replay.intelligence.test_pipeline" name="test_reposts_do_not_inflate_independent_evidence" time="0.004" /><testcase classname="tests.replay.intelligence.test_pipeline" name="test_prompt_injection_is_flagged_and_cannot_gain_capabilities" time="0.001" /><testcase classname="tests.replay.intelligence.test_pipeline" name="test_rule_language_entity_and_event_baseline" time="0.001" /><testcase classname="tests.replay.intelligence.test_pipeline" name="test_source_failure_is_an_isolated_empty_degradation" time="0.001" /><testcase classname="tests.replay.intelligence.test_store" name="test_revision_and_deletion_propagate_to_cache_and_read_model" time="0.029" /><testcase classname="tests.replay.intelligence.test_store" name="test_engagement_is_point_in_time_not_current_backfill" time="0.030" /><testcase classname="tests.replay.intelligence.test_store" name="test_source_identity_versions_are_append_only" time="0.029" /><testcase classname="tests.replay.intelligence.test_store" name="test_identity_and_engagement_metadata_are_persisted_append_only" time="0.043" /><testcase classname="tests.replay.test_p13_historical_runtime" name="test_normalized_major_event_morphology_is_disclosed_and_replayable" time="0.004" /><testcase classname="tests.replay.test_p13_historical_runtime" name="test_historical_paper_shadow_share_one_command_identity" time="0.004" /><testcase classname="tests.research.provider_bakeoff.test_catalog_plans" name="test_real_candidates_are_desk_review_only_and_not_runtime_dependencies" time="0.003" /><testcase classname="tests.research.provider_bakeoff.test_catalog_plans" name="test_trial_requests_define_equal_budget_and_zero_authorized_spend" time="0.003" /><testcase classname="tests.research.provider_bakeoff.test_catalog_plans" name="test_databento_is_explicitly_conditional_and_has_zero_calls" time="0.002" /><testcase classname="tests.research.provider_bakeoff.test_decisions" name="test_complete_trial_can_approve_only_after_net_costs_and_oos_gates" time="0.002" /><testcase classname="tests.research.provider_bakeoff.test_decisions" name="test_budget_significance_and_negative_result_failures_are_all_retained" time="0.002" /><testcase classname="tests.research.provider_bakeoff.test_decisions" name="test_unactivated_or_conditional_trial_never_approves" time="0.001" /><testcase classname="tests.research.provider_bakeoff.test_decisions" name="test_comparison_group_cannot_have_two_primary_sources" time="0.001" /><testcase classname="tests.research.provider_bakeoff.test_news_authority_degradation" name="test_news_metrics_use_official_events_and_count_false_alerts_and_duplicates" time="0.001" /><testcase classname="tests.research.provider_bakeoff.test_news_authority_degradation" name="test_provider_outage_returns_exact_free_baseline_without_hard_
[...]
"tests.v5_p08.test_event_forecasts" name="test_event_forecast_artifacts_are_content_addressed" time="0.026" /><testcase classname="tests.v5_p08.test_event_forecasts" name="test_production_source_has_no_fixed_horizon_scale_table" time="0.058" /><testcase classname="tests.v5_p08.test_v5_p08_phase_evidence" name="test_v5_p08_evidence_is_traceable_negative_and_non_promotable" time="0.022" /><testcase classname="tests.v5_p08.test_v5_p08_phase_evidence" name="test_v5_p08_state_preserves_locks_and_p00_p07_history" time="0.726" /><testcase classname="tests.v5_p08.test_v5_p08_phase_evidence" name="test_v5_p08_schema_registries_expose_all_new_contracts" time="0.004" /><testcase classname="tests.v5_p08.test_v5_p08_phase_evidence" name="test_v5_p08_ci_stage_checks_evidence_and_frozen_manifests" time="0.002" /><testcase classname="tests.v5_p08.test_v5_p08_phase_evidence" name="test_accepted_v5_p08_is_bound_to_complete_report_set" time="0.021" /><testcase classname="tests.v5_p09.test_adaptive_conformal" name="test_distribution_aware_coverage_is_monitored_per_cell" time="0.003" /><testcase classname="tests.v5_p09.test_adaptive_conformal" name="test_distribution_aware_interval_scales_with_forecast_uncertainty" time="0.003" /><testcase classname="tests.v5_p09.test_adaptive_conformal" name="test_critical_undercoverage_forces_abstention" time="0.002" /><testcase classname="tests.v5_p09.test_adaptive_conformal" name="test_insufficient_or_stale_windows_fail_closed" time="0.002" /><testcase classname="tests.v5_p09.test_adaptive_conformal" name="test_static_conformal_is_forbidden_for_the_p09_policy" time="0.001" /><testcase classname="tests.v5_p09.test_adaptive_conformal" name="test_adaptive_policy_rejects_zero_operational_limits[maximum_window_age_seconds]" time="0.002" /><testcase classname="tests.v5_p09.test_adaptive_conformal" name="test_adaptive_policy_rejects_zero_operational_limits[maximum_adjustment_step]" time="0.002" /><testcase classname="tests.v5_p09.test_adaptive_conformal" name="test_distribution_aware_calibration_requires_positive_forecast_scale" time="0.002" /><testcase classname="tests.v5_p09.test_adaptive_conformal" name="test_critical_overcoverage_degrades_without_granting_false_precision" time="0.003" /><testcase classname="tests.v5_p09.test_adaptive_conformal" name="test_future_outcome_and_interval_order_are_rejected" time="0.003" /><testcase classname="tests.v5_p09.test_adaptive_conformal" name="test_coverage_metrics_are_recomputed_instead_of_trusting_callers" time="0.004" /><testcase classname="tests.v5_p09.test_dynamic_stacking" name="test_dynamic_stacking_smooths_statistical_weights_with_a_cap" time="0.004" /><testcase classname="tests.v5_p09.test_dynamic_stacking" name="test_weight_evidence_whitelist_requires_validation_and_calibration" time="0.004" /><testcase classname="tests.v5_p09.test_dynamic_stacking" name="test_regime_router_abstains_on_unsafe_context[snapshot0-OUT_OF_DISTRIBUTION]" time="0.004" /><testcase classname="tests.v5_p09.test_dynamic_stacking" name="test_regime_router_abstains_on_unsafe_context[snapshot1-DATA_QUALITY_BELOW_POLICY]" time="0.004" /><testcase classname="tests.v5_p09.test_dynamic_stacking" name="test_regime_router_abstains_on_unsafe_context[snapshot2-TRUTH_UNCERTAIN]" time="0.003" /><testcase classname="tests.v5_p09.test_dynamic_stacking" name="test_regime_router_abstains_on_unsafe_context[snapshot3-MODEL_RELIABILITY_DEGRADED]" time="0.003" /><testcase classname="tests.v5_p09.test_dynamic_stacking" name="test_unknown_regime_and_future_weight_proposals_fail_closed" time="0.003" /><testcase classname="tests.v5_p09.test_dynamic_stacking" name="test_weight_cap_feasibility_and_ood_threshold_boundary_are_explicit" time="0.004" /><testcase classname="tests.v5_p09.test_dynamic_stacking" name="test_weight_evidence_is_immutable_and_route_revalidates_model_copy_forgery" time="0.002" /><testcase classname="tests.v5_p09.test_dynamic_stacking" name="test_regime_cell_and_reliability_model_splices_are_rejected" time="0.003" /><testcase classname="tests.v5_p09.test_dynamic_stacking" name="test_disagreement_is_recomputed_and_direction_conflict_abstains" time="0.003" /><testcase classname="tests.v5_p09.test_dynamic_stacking" name="test_forged_disagreement_decision_is_rejected_after_hash_recalculation" time="0.003" /><testcase classname="tests.v5_p09.test_forecast_governance" name="test_healthy_development_governance_never_grants_order_capability" time="0.006" /><testcase classname="tests.v5_p09.test_forecast_governance" name="test_meta_reasoner_can_only_tighten_by_recommending_abstention" time="0.006" /><testcase classname="tests.v5_p09.test_forecast_governance" name="test_disagreement_ood_and_calibration_drift_all_propagate_to_abstain" time="0.017" /><testcase classname="tests.v5_p09.test_forecast_governance" name="test_skeptic_blocker_is_independent_and_fail_closed" time="0.006" /><testcase classname="tests.v5_p09.test_forecast_governance" name="test_cross_cell_governance_splice_is_rejected" time="0.006" /><testcase classname="tests.v5_p09.test_meta_reasoner_skeptic" name="test_meta_reasoner_is_structured_advice_and_cannot_order" time="0.006" /><testcase classname="tests.v5_p09.test_meta_reasoner_skeptic" name="test_boundary_revalidates_a_model_construct_order_capability_forgery" time="0.004" /><testcase classname="tests.v5_p09.test_meta_reasoner_skeptic" name="test_reasoning_context_requires_distinct_reviewer_prompt_and_model_paths" time="0.006" /><testcase classname="tests.v5_p09.test_meta_reasoner_skeptic" name="test_reasoning_context_binds_exact_reviewer_prompt_and_model_revisions" time="0.007" /><testcase classname="tests.v5_p09.test_meta_reasoner_skeptic" name="test_severe_skeptic_findings_must_block_and_propagate_to_abstain" time="0.008" /><testcase classname="tests.v5_p09.test_meta_reasoner_skeptic" name="test_reasoning_hash_and_governance_hash_tampering_are_rejected" time="0.011" /><testcase classname="tests.v5_p09.test_meta_reasoner_skeptic" name="test_reasoning_bindings_are_immutable_and_boundary_revalidates_model_copy_forgery" time="0.006" /><testcase classname="tests.v5_p09.test_v5_p09_phase_evidence" name="test_v5_p09_evidence_is_traceable_fail_closed_and_non_promotable" time="0.024" /><testcase classname="tests.v5_p09.test_v5_p09_phase_evidence" name="test_v5_p09_state_preserves_locks_and_p00_p08_history" time="0.761" /><testcase classname="tests.v5_p09.test_v5_p09_phase_evidence" name="test_v5_p09_schema_registries_expose_all_new_contracts" time="0.003" /><testcase classname="tests.v5_p09.test_v5_p09_phase_evidence" name="test_v5_p09_ci_stage_checks_evidence_and_frozen_manifests" time="0.002" /><testcase classname="tests.v5_p09.test_v5_p09_phase_evidence" name="test_accepted_v5_p09_is_bound_to_complete_report_set" time="0.017" /><testcase classname="tests.v5_p10.test_decision_integration" name="test_full_pipeline_produces_research_only_directional_alpha" time="0.682" /><testcase classname="tests.v5_p10.test_decision_integration" name="test_news_cannot_bypass_cost_gate" time="0.726" /><testcase classname="tests.v5_p10.test_decision_integration" name="test_news_cannot_bypass_independent_risk_gate" time="0.619" /><testcase classname="tests.v5_p10.test_decision_integration" name="test_unbound_portfolio_signal_cannot_authorize_directional_alpha" time="0.781" /><testcase classname="tests.v5_p10.test_decision_integration" name="test_risk_decision_for_another_proposal_is_rejected_as_splice" time="0.534" /><testcase classname="tests.v5_p10.test_decision_integration" name="test_risk_target_must_match_the_bound_portfolio_strategy_and_account" time="0.673" /><testcase classname="tests.v5_p10.test_decision_integration" name="test_model_construct_risk_forgery_is_revalidated_at_boundary" time="0.362" /><testcase classname="tests.v5_p10.test_decision_integration" name="test_high_severity_medium_truth_is_risk_overlay_not_directional_alpha" time="0.776" /><testcase classname="tests.v5_p10.test_decision_integration" name="test_overlay_without_protective_risk_decision_stays_no_trade" time="0.729" /><testcase classname="tests.v5_p10.test_decision_integration" name="test_no_trade_is_a_hashed_first_class_exclusive_result" time="0.653" /><testcase classname="tests.v5_p10.test_decision_integration" name="test_recomputed_report_hash_cannot_forge_a_trade_outcome" time="0.925" /><testcase classname="tests.v5_p10.test_decision_integration" name="test_decision_module_has_no_execution_or_order_constructor_import" time="0.024" /><testcase classname="tests.v5_p10.test_execution_cost_v2" name="test_cost_model_covers_every_required_component_and_environment" time="0.001" /><testcase classname="tests.v5_p10.test_execution_cost_v2" name="test_cost_scenario_total_and_distribution_mean_are_recomputed" time="0.002" /><testcase classname="tests.v5_p10.test_execution_cost_v2" name="test_missing_cost_component_cannot_hide_behind_recomputed_hash" time="0.002" /><testcase classname="tests.v5_p10.test_execution_cost_v2" name="test_replay_queue_requires_all_six_content_bindings" time="0.002" /><testcase classname="tests.v5_p10.test_execution_cost_v2" name="test_tca_state_requires_evidence_and_miscalibration_reduces_confidence" time="0.002" /><testcase classname="tests.v5_p10.test_execution_cost_v2" name="test_scenario_collections_have_a_bounded_validation_surface" time="0.007" /><testcase classname="tests.v5_p10.test_net_edge" name="test_healthy_net_edge_recomputes_all_economic_gates" time="0.281" /><testcase classname="tests.v5_p10.test_net_edge" name="test_high_cost_forces_no_net_edge_before_portfolio_or_risk" time="0.276" /><testcase classname="tests.v5_p10.test_net_edge" name="test_cost_miscalibration_haircut_can_fail_probability_gate" time="0.305" /><testcase classname="tests.v5_p10.test_net_edge" name="test_truth_price_in_ood_and_data_quality_are_independent_hard_gates[condition0-governed0-TRUTH_GATE_REJECTED]" time="0.283" /><testcase classname="tests.v5_p10.test_net_edge" name="test_truth_price_in_ood_and_data_quality_are_independent_hard_gates[condition1-governed1-PRICE_IN_GATE_REJECTED]" time="0.278" /><testcase classname="tests.v5_p10.test_net_edge" name="test_truth_price_in_ood_and_data_quality_are_independent_hard_gates[condition2-governed2-OOD_GATE_REJECTED]" time="0.279" /><testcase classname="tests.v5_p10.test_net_edge" name="test_truth_price_in_ood_and_data_quality_are_independent_hard_gates[condition3-governed3-DATA_QUALITY_GATE_REJECTED]" time="0.275" /><testcase classname="tests.v5_p10.test_net_edge" name="test_forecast_and_cost_scenario_sets_cannot_be_spliced" time="0.215" /><testcase classname="tests.v5_p10.test_net_edge" name="test_threshold_policy_is_versioned_per_asset_horizon_sleeve" time="0.163" /><testcase classname="tests.v5_p10.test_net_edge" name="test_oos_threshold_source_requires_content_addressed_evidence" time="0.002" /><testcase classname="tests.v5_p10.test_net_edge" name="test_bootstrap_probability_is_not_a_hidden_global_default" time="0.001" /><testcase classname="tests.v5_p10.test_net_edge" name="test_rumor_can_never_pass_directional_truth_or_price_gate" time="0.281" /><testcase classname="tests.v5_p10.test_v5_p10_phase_evidence" name="test_v5_p10_evidence_is_traceable_fail_closed_and_non_promotable" time="0.030" /><testcase classname="tests.v5_p10.test_v5_p10_phase_evidence" name="test_v5_p10_state_preserves_locks_and_p00_p09_history" time="0.921" /><testcase classname="tests.v5_p10.test_v5_p10_phase_evidence" name="test_v5_p10_schema_registries_expose_all_new_contracts" time="0.004" /><testcase classname="tests.v5_p10.test_v5_p10_phase_evidence" name="test_v5_p10_ci_stage_checks_evidence_and_frozen_manifests" time="0.003" /><testcase classname="tests.v5_p10.test_v5_p10_phase_evidence" name="test_p10_adr_is_accepted_and_records_non_execution_boundary" time="0.004" /><testcase classname="tests.v5_p10.test_v5_p10_phase_evidence" name="test_accepted_v5_p10_is_bound_to_complete_report_set" time="0.022" /><testcase classname="tests.v5_p11.test_forward_evaluation" name="test_development_fixture_never_becomes_forward_proof" time="0.017" /><testcase classname="tests.v5_p11.test_forward_evaluation" name="test_real_wall_clock_run_shorter_than_30_days_must_extend" time="0.254" /><testcase classname="tests.v5_p11.test_forward_evaluation" name="test_30_day_wall_clock_run_can_pass_contract_gate" time="0.315" /><testcase classname="tests.v5_p11.test_forward_evaluation" name="test_insufficient_independent_events_extends_instead_of_lowering_threshold" time="0.297" /><testcase classname="tests.v5_p11.test_forward_evaluation" name="test_policy_cannot_lower_master_plan_duration" time="0.002" /><testcase classname="tests.v5_p11.test_forward_evaluation" name="test_heartbeat_gap_fails_closed" time="0.014" /><testcase classname="tests.v5_p11.test_forward_evaluation" name="test_calibration_failure_fails_closed" time="0.020" /><testcase classname="tests.v5_p11.test_forward_evaluation" name="test_data_loss_incident_fails_closed" time="0.019" /><testcase classname="tests.v5_p11.test_forward_evaluation" name="test_future_correction_attempt_fails_closed" time="0.021" /><testcase classname="tests.v5_p11.test_forward_evaluation" name="test_paired_development_runs_remain_no_promotion" time="0.085" /><testcase classname="tests.v5_p11.test_forward_evaluation" name="test_paired_30_day_forward_only_allows_testnet_readiness" time="1.045" /><testcase classname="tests.v5_p11.test_forward_evaluation" name="test_paper_and_shadow_predictions_cannot_be_spliced" time="0.042" /><testcase classname="tests.v5_p11.test_forward_records" name="test_future_source_data_is_rejected" time="0.002" /><testcase classname="tests.v5_p11.test_forward_records" name="test_prediction_must_be_recorded_before_outcome_is_available" time="0.001" /><testcase classname="tests.v5_p11.test_forward_records" name="test_prediction_and_sample_hashes_reject_revision" time="0.008" /><testcase classname="tests.v5_p11.test_forward_records" name="test_heartbeat_chain_tamper_is_rejected_at_session_boundary" time="0.017" /><testcase classname="tests.v5_p11.test_forward_records" name="test_model_construct_cannot_bypass_session_revalidation" time="0.008" /><testcase classname="tests.v5_p11.test_forward_records" name="test_wall_clock_tier_must_match_mode" time="0.007" /><testcase classname="tests.v5_p11.test_forward_records" name="test_real_forward_cannot_be_time_compressed" time="0.007" /><testcase classname="tests.v5_p11.test_forward_records" name="test_restart_receipt_is_mandatory" time="0.007" /><testcase classname="tests.v5_p11.test_forward_records" name="test_duplicate_independent_event_samples_are_rejected" time="0.010" /><testcase classname="tests.v5_p11.test_forward_records" name="test_incident_outside_log_coverage_is_rejected" time="0.002" /><testcase classname="tests.v5_p11.test_forward_records" name="test_recovery_durable_sequence_must_bind_session_chain" time="0.009" /><testcase classname="tests.v5_p11.test_v5_p11_phase_evidence" name="test_v5_p11_evidence_records_zero_real_days_and_no_promotion" time="0.028" /><testcase classname="tests.v5_p11.test_v5_p11_phase_evidence" name="test_v5_p11_state_preserves_locks_and_p00_p10_history" time="0.862" /><testcase classname="tests.v5_p11.test_v5_p11_phase_evidence" name="test_v5_p11_schema_registries_expose_all_new_contracts" time="0.002" /><testcase classname="tests.v5_p11.test_v5_p11_phase_evidence" name="test_v5_p11_ci_stage_checks_evidence_and_frozen_manifests" time="0.002" /><testcase classname="tests.v5_p11.test_v5_p11_phase_evidence" name="test_p11_adr_is_accepted_and_forbids_backtest_substitution" time="0.003" /><testcase classname="tests.v5_p11.test_v5_p11_phase_evidence" name="test_accepted_v5_p11_is_bound_to_complete_report_set" time="0.020" /><testcase classname="tests.v5_p12.test_alert_boundaries" name="test_loopback_delivery_is_explicitly_development_only" time="0.003" /><testcase classname="tests.v5_p12.test_alert_boundaries" name="test_external_delivery_requires_testnet_forward_tier" time="0.002" /><testcase classname="tests.v5_p12.test_alert_boundaries" name="test_partial_delivery_cannot_claim_remote_acknowledgment" time="0.002" /><testcase classname="tests.v5_p12.test_alert_boundaries" name="test_readiness_models_have_no_live_unlock_field_that_can_be_enabled" time="1.175" /><testcase classname="tests.v5_p12.test_evidence_receipts" name="test_reconciliation_result_is_recomputed_and_authoritative_facts_stay_immutable" time="0.001" /><testcase classname="tests.v5_p12.test_evidence_receipts" name="test_simulator_cannot_claim_testnet_forward_tier" time="0.935" /><testcase classname="tests.v5_p12.test_evidence_receipts" name="test_real_testnet_shape_requires_private_network_and_credential_reference" time="0.002" /><testcase classname="tests.v5_p12.test_evidence_receipts" name="test_testnet_counts_must_match_reconciliation_receipt" time="1.366" /><testcase classname="tests.v5_p12.test_evidence_receipts" name="test_attestation_uses_precommitted_trusted_key_and_detects_wrong_signer" time="0.921" /><testcase classname="tests.v5_p12.test_evidence_receipts" name="test_attestation_rejects_timestamp_signed_by_untrusted_authority_key" time="0.922" /><testcase classname="tests.v5_p12.test_evidence_receipts" name="test_wrong_testnet_attestation_fails_closed" time="2.294" /><testcase classname="tests.v5_p12.test_evidence_receipts" name="test_risk_receipt_cannot_be_spliced_to_another_testnet_run" time="1.374" /><testcase classname="tests.v5_p12.test_evidence_receipts" name="test_external_alert_cannot_be_spliced_to_another_testnet_run" time="1.422" /><testcase classname="tests.v5_p12.test_evidence_receipts" name="test_risk_gate_rejects_uncommitted_integrated_decision_hash" time="2.234" /><testcase classname="tests.v5_p12.test_evidence_receipts" name="test_readiness_policy_thresholds_and_hash_cannot_be_lowered_or_tampered" time="0.002" /><testcase classname="tests.v5_p12.test_evidence_receipts" name="test_model_construct_cannot_bypass_nested_revalidation" time="1.565" /><testcase classname="tests.v5_p12.test_readiness_gates" name="test_exact_seven_hard_gates_are_required_for_canary_review" time="2.542" /><testcase classname="tests.v5_p12.test_readiness_gates" name="test_canary_review_ready_never_unlocks_live_or_capital" time="0.880" /><testcase classname="tests.v5_p12.test_readiness_gates" name="test_current_development_evidence_blocks_all_gates_and_extends_paper" time="0.149" /><testcase classname="tests.v5_p12.test_readiness_gates" name="test_simulator_cannot_satisfy_real_binance_testnet_gate" time="1.132" /><testcase classname="tests.v5_p12.test_readiness_gates" name="test_insufficient_testnet_orders_fail_instead_of_lowering_threshold" time="2.030" /><testcase classname="tests.v5_p12.test_readiness_gates" name="test_risk_failure_cannot_be_averaged_against_six_passes" time="2.043" /><testcase classname="tests.v5_p12.test_readiness_gates" name="test_real_forward_contract_without_testnet_requests_external_evidence" time="2.021" /><testcase classname="tests.v5_p12.test_v5_p12_phase_evidence" name="test_v5_p12_evidence_records_real_external_absence_and_no_promotion" time="0.028" /><testcase classname="tests.v5_p12.test_v5_p12_phase_evidence" name="test_v5_p12_state_preserves_locks_and_p00_p11_history" time="0.926" /><testcase classname="tests.v5_p12.test_v5_p12_phase_evidence" name="test_v5_p12_schema_registries_expose_all_new_contracts" time="0.004" /><testcase classname="tests.v5_p12.test_v5_p12_phase_evidence" name="test_v5_p12_ci_checks_evidence_and_all_historical_manifests" time="0.003" /><testcase classname="tests.v5_p12.test_v5_p12_phase_evidence" name="test_p12_adr_accepts_only_manual_review_readiness" time="0.002" /><testcase classname="tests.v5_p12.test_v5_p12_phase_evidence" name="test_legacy_simulator_and_no_go_reports_are_not_promoted" time="0.002" /><testcase classname="tests.v5_p12.test_v5_p12_phase_evidence" name="test_accepted_v5_p12_is_bound_to_complete_report_set" time="0.757" /></testsuite></testsuites>