<?xml version="1.0" encoding="utf-8"?><testsuites name="pytest tests"><testsuite name="pytest" errors="0" failures="0" skipped="0" tests="138" time="7.352" timestamp="2026-09-08T15:41:30.113661+08:00" hostname="Dionysus-Workspace"><properties><property name="hypothesis-statistics-tests/property/test_backtest_economics.py::test_reduce_only_never_increases_or_reverses_absolute_position" value="dGVzdHMvcHJvcGVydHkvdGVzdF9iYWNrdGVzdF9lY29ub21pY3MucHk6OnRlc3RfcmVkdWNlX29ubHlfbmV2ZXJfaW5jcmVhc2VzX29yX3JldmVyc2VzX2Fic29sdXRlX3Bvc2l0aW9uOgoKICAtIGR1cmluZyBnZW5lcmF0ZSBwaGFzZSAoMC4yOSBzZWNvbmRzKToKICAgIC0gVHlwaWNhbCBydW50aW1lczogfiA4LTEzIG1zLCBvZiB3aGljaCA8IDFtcyBpbiBkYXRhIGdlbmVyYXRpb24KICAgIC0gMjUgcGFzc2luZywgMCBmYWlsaW5nLCBhbmQgMCBpbnZhbGlkIHRlc3QgY2FzZXMKCiAgLSBTdG9wcGVkIGJlY2F1c2Ugc2V0dGluZ3MubWF4X2V4YW1wbGVzPTI1" /><property name="hypothesis-statistics-tests/property/test_backtest_economics.py::test_higher_fees_and_slippage_cannot_improve_net_pnl_on_the_same_fills" value="dGVzdHMvcHJvcGVydHkvdGVzdF9iYWNrdGVzdF9lY29ub21pY3MucHk6OnRlc3RfaGlnaGVyX2ZlZXNfYW5kX3NsaXBwYWdlX2Nhbm5vdF9pbXByb3ZlX25ldF9wbmxfb25fdGhlX3NhbWVfZmlsbHM6CgogIC0gZHVyaW5nIGdlbmVyYXRlIHBoYXNlICgwLjQ5IHNlY29uZHMpOgogICAgLSBUeXBpY2FsIHJ1bnRpbWVzOiB+IDE1LTI2IG1zLCBvZiB3aGljaCA8IDFtcyBpbiBkYXRhIGdlbmVyYXRpb24KICAgIC0gMjUgcGFzc2luZywgMCBmYWlsaW5nLCBhbmQgMCBpbnZhbGlkIHRlc3QgY2FzZXMKCiAgLSBTdG9wcGVkIGJlY2F1c2Ugc2V0dGluZ3MubWF4X2V4YW1wbGVzPTI1" /></properties><testcase classname="tests.alpha_v4.test_audit_contracts" name="test_label_contract_retains_20h_and_explicit_six_intervals_are_24h" time="0.008" /><testcase classname="tests.alpha_v4.test_audit_contracts" name="test_exit_cost_uses_position_and_same_latency_when_cash_is_small" time="0.001" /><testcase classname="tests.alpha_v4.test_audit_contracts" name="test_single_factor_entry_exit_risk_and_missing_forecast" time="0.002" /><testcase classname="tests.alpha_v4.test_audit_contracts" name="test_v2_replay_uses_causal_reserve_and_full_ledger" time="0.031" /><testcase classname="tests.alpha_v4.test_audit_contracts" name="test_strict_effective_contracts_and_legacy_reproduction_guard" time="0.011" /><testcase classname="tests.alpha_v4.test_audit_contracts" name="test_every_legacy_config_leaf_is_rejected_when_perturbed" time="2.023" /><testcase classname="tests.alpha_v4.test_audit_contracts" name="test_forecast_metadata_pair_and_archive_time_units" time="0.003" /><testcase classname="tests.unit.backtest.test_automatic_liquidation" name="test_market_gap_automatically_liquidates_and_books_one_penalty" time="0.011" /><testcase classname="tests.unit.backtest.test_automatic_liquidation" name="test_intrabar_maintenance_breach_cannot_hide_behind_recovered_close" time="0.012" /><testcase classname="tests.unit.backtest.test_cost_attribution_identity" name="test_contract_multiplier_costs_funding_and_settlement_close_against_reference_pnl" time="0.012" /><testcase classname="tests.unit.backtest.test_fill_fragmentation_metric_invariance" name="test_same_timestamp_split_orders_do_not_change_fixed_frequency_risk_metrics" time="0.016" /><testcase classname="tests.unit.backtest.test_final_bar_valuation" name="test_last_bar_revalues_an_open_position_without_a_new_order" time="0.008" /><testcase classname="tests.unit.backtest.test_forced_close_costs" name="test_terminal_close_deducts_full_modelled_exit_cost_from_mtm" time="0.011" /><testcase classname="tests.unit.backtest.test_high_precision_postings" name="test_balanced_small_terms_are_not_lost_by_decimal_accumulation" time="0.001" /><testcase classname="tests.unit.backtest.test_high_precision_postings" name="test_even_sub_currency_unit_unbalanced_postings_are_rejected" time="0.002" /><testcase classname="tests.unit.backtest.test_high_precision_postings" name="test_attribution_exactly_inverts_high_precision_cost_sum" time="0.001" /><testcase classname="tests.unit.backtest.test_insufficient_collateral_rejection" name="test_spot_cannot_spend_unfunded_cash_or_sell_unborrowed_inventory" time="0.020" /><testcase classname="tests.unit.backtest.test_insufficient_collateral_rejection" name="test_perpetual_initial_margin_is_checked_before_opening" time="0.012" /><testcase classname="tests.unit.backtest.test_intraholding_drawdown" name="test_mark_dip_without_any_fill_is_in_drawdown" time="0.011" /><testcase classname="tests.unit.backtest.test_liquidity_integrity" name="test_second_order_cannot_reuse_consumed_best_depth_level" time="0.013" /><testcase classname="tests.unit.backtest.test_liquidity_integrity" name="test_fok_cannot_partially_execute_after_another_order_consumes_depth" time="0.010" /><testcase classname="tests.unit.backtest.test_liquidity_integrity" name="test_duplicate_market_event_is_idempotent_and_cannot_refill_depth" time="0.009" /><testcase classname="tests.unit.backtest.test_oco_double_touch" name="test_bar_touching_both_exits_fills_stop_only_regardless_of_input_order" time="0.010" /><testcase classname="tests.unit.backtest.test_reduce_only_clipping" name="test_reduce_only_excess_is_cancelled_without_opening_a_short" time="0.011" /><testcase classname="tests.unit.backtest.test_reduce_only_clipping" name="test_reduce_only_cannot_open_from_flat_or_add_to_a_long" time="0.016" /><testcase classname="tests.unit.backtest.test_round_trip_metrics" name="test_fragmented_entry_and_exit_count_as_one_closed_losing_trade" time="0.009" /><testcase classname="tests.unit.backtest.test_round_trip_metrics" name="test_open_marked_profit_is_not_a_winning_closed_trade" time="0.010" /><testcase classname="tests.unit.backtest.test_spot_borrow_costs" name="test_short_borrows_repays_and_accrues_quote_interest_over_real_elapsed_time" time="0.013" /><testcase classname="tests.unit.backtest.test_spot_borrow_costs" name="test_borrow_limit_rejects_before_any_loan_or_fill" time="0.008" /><testcase classname="tests.unit.backtest.test_strategy_callback" name="test_closed_bar_callback_sees_current_ledger_and_fills_only_next_event" time="0.011" /><testcase classname="tests.unit.backtest.test_strategy_callback" name="test_callback_rejects_backdated_order" time="0.008" /><testcase classname="tests.unit.backtest.test_strategy_callback" name="test_cancel_during_bar_cannot_erase_prior_open_fill" time="0.010" /><testcase classname="tests.unit.backtest.test_strategy_callback" name="test_callback_cancels_pending_order_before_next_eligible_event" time="0.011" /><testcase classname="tests.unit.backtest.test_vector_event_sparse_order_parity" name="test_sparse_partial_fills_preserve_event_vector_equity_and_costs" time="0.013" /><testcase classname="tests.unit.backtest.test_vector_replays_all_bars" name="test_sparse_orders_retain_every_market_event_and_final_valuation" time="0.008" /><testcase classname="tests.unit.backtest.test_vector_replays_all_bars" name="test_cash_baseline_accepts_no_orders" time="0.009" /><testcase classname="tests.unit.domain.test_accounting" name="test_balanced_journal_is_accepted" time="0.001" /><testcase classname="tests.unit.domain.test_accounting" name="test_unbalanced_journal_is_rejected_per_asset" time="0.001" /><testcase classname="tests.unit.domain.test_entities" name="test_instrument_preserves_versioned_market_rules" time="0.001" /><testcase classname="tests.unit.domain.test_entities" name="test_instrument_rejects_mismatched_minimum_notional_unit" time="0.001" /><testcase classname="tests.unit.domain.test_entities" name="test_instrument_validity_interval_must_increase" time="0.001" /><testcase classname="tests.unit.domain.test_entities" name="test_environment_has_no_live_unlock_path" time="0.002" /><testcase classname="tests.unit.domain.test_errors" name="test_domain_error_exposes_machine_stable_fields" time="0.001" /><testcase classname="tests.unit.domain.test_errors" name="test_unknown_error_prefix_is_rejected" time="0.001" /><testcase classname="tests.unit.domain.test_execution" name="test_order_intent_is_risk_bound_and_expiring" time="0.001" /><testcase classname="tests.unit.domain.test_execution" name="test_local_send_never_implies_venue_acceptance" time="0.001" /><testcase classname="tests.unit.domain.test_identifiers_time_values" name="test_identifier_generation_is_deterministic_and_types_do_not_mix" time="0.001" /><testcase classname="tests.unit.domain.test_identifiers_time_values" name="test_utc_time_rejects_naive_and_normalizes_offsets" time="0.001" /><testcase classname="tests.unit.domain.test_identifiers_time_values" name="test_point_in_time_gate_rejects_lookahead" time="0.000" /><testcase classname="tests.unit.domain.test_identifiers_time_values" name="test_economic_values_reject_float_nonfinite_negative_zero_and_unit_mixing" time="0.001" /><testcase classname="tests.unit.domain.test_identifiers_time_values" name="test_price_uses_explicit_increment_rounding" time="0.001" /><testcase classname="tests.unit.domain.test_intelligence" name="test_forecast_distribution_and_probabilities_are_coherent" time="0.001" /><testcase classname="tests.unit.domain.test_intelligence" name="test_alpha_signal_has_no_order_semantics_and_net_return_is_explicit" time="0.001" /><testcase classname="tests.unit.domain.test_intelligence" name="test_market_event_enforces_available_ingest_processed_order" time="0.001" /><testcase classname="tests.unit.domain.test_policy" name="test_approved_policy_checks_every_processing_boundary" time="0.001" /><testcase classname="tests.unit.domain.test_policy" name="test_denied_policy_cannot_hide_an_allowed_capability" time="0.001" /><testcase classname="tests.unit.features.test_event_features" name="test_event_feature_uses_claim_stance_not_document_sentiment" time="0.002" /><testcase classname="tests.unit.features.test_event_features" name="test_event_feature_rejects_incomplete_or_future_snapshots" time="0.001" /><testcase classname="tests.unit.features.test_event_features" name="test_missing_narrative_is_explicit_not_fabricated" time="0.001" /><testcase classname="tests.unit.features.test_market_features" name="test_market_features_have_golden_economics_and_batch_incremental_parity" time="0.003" /><testcase classname="tests.unit.features.test_market_features" name="test_incremental_rejects_non_monotonic_availability" time="0.002" /><testcase classname="tests.unit.features.test_market_features" name="test_cross_sectional_rank_is_point_in_time_and_tie_stable" time="0.001" /><testcase classname="tests.unit.features.test_registry" name="test_definition_rejects_hidden_parameters_and_requires_tests" time="0.002" /><testcase classname="tests.unit.features.test_registry" name="test_registry_is_versioned_and_fail_closed" time="0.001" /><testcase classname="tests.unit.features.test_registry" name="test_snapshot_rejects_future_or_unregistered_vectors_and_is_immutable" time="0.002" /><testcase classname="tests.unit.intelligence.test_committee" name="test_full_committee_arbiter_uses_only_supplied_evidence" time="0.001" /><testcase classname="tests.unit.intelligence.test_committee" name="test_arbiter_rejects_evidence_escalation" time="0.001" /><testcase classname="tests.unit.intelligence.test_event_graph" name="test_graph_reports_coverage_conflict_and_rejects_future_nodes" time="0.001" /><testcase classname="tests.unit.intelligence.test_event_graph" name="test_event_state_and_multihorizon_impact_are_evidence_bound" time="0.002" /><testcase classname="tests.unit.labels.test_action_value_symmetry" name="test_symmetric_round_trip_costs_do_not_bias_down[101.5-UP]" time="0.001" /><testcase classname="tests.unit.labels.test_action_value_symmetry" name="test_symmetric_round_trip_costs_do_not_bias_down[98.5-DOWN]" time="0.001" /><testcase classname="tests.unit.labels.test_action_value_symmetry" name="test_symmetric_round_trip_costs_do_not_bias_down[100.5-FLAT]" time="0.001" /><testcase classname="tests.unit.labels.test_action_value_symmetry" name="test_symmetric_round_trip_costs_do_not_bias_down[99.5-FLAT]" time="0.001" /><testcase classname="tests.unit.labels.test_action_value_symmetry" name="test_uncertainty_requires_strict_economic_margin" time="0.001" /><testcase classname="tests.unit.labels.test_directional_costs" name="test_each_action_pays_its_own_legs_funding_and_borrow" time="0.001" /><testcase classname="tests.unit.labels.test_executable_entry_time" name="test_decision_bar_price_does_not_create_fictitious_profit" time="0.001" /><testcase classname="tests.unit.labels.test_executable_entry_time" name="test_late_arriving_decision_cannot_trade_an_already_occurred_event" time="0.001" /><testcase classname="tests.unit.labels.test_funding_sign" name="test_signed_funding_is_a_payment_for_one_side_and_receipt_for_other[0.001-DOWN]" time="0.001" /><testcase classname="tests.unit.labels.test_funding_sign" name="test_signed_funding_is_a_payment_for_one_side_and_receipt_for_other[-0.001-UP]" time="0.001" /><testcase classname="tests.unit.labels.test_funding_sign" name="test_borrow_is_only_charged_to_short" time="0.001" /><testcase classname="tests.unit.labels.test_labels" name="test_return_path_label_is_future_cost_aware_and_path_complete" time="0.001" /><testcase classname="tests.unit.labels.test_labels" name="test_overlapping_labels_have_deterministic_inverse_horizon_weight" time="0.001" /><testcase classname="tests.unit.labels.test_labels" name="test_label_generator_rejects_non_future_availability" time="0.001" /><testcase classname="tests.unit.labels.test_labels" name="test_execution_and_event_labels_keep_future_windows_and_net_economics" time="0.001" /><testcase classname="tests.unit.portfolio.test_carry_two_leg_recovery" name="test_two_legs_are_cash_funded_and_contract_delta_neutral" time="0.001" /><testcase classname="tests.unit.portfolio.test_carry_two_leg_recovery" name="test_failed_second_leg_generates_only_reduction_and_cancellation" time="0.002" /><testcase classname="tests.unit.portfolio.test_dynamic_economic_gate" name="test_full_round_trip_hurdle_rises_with_volatility_and_liquidity_cost" time="0.001" /><testcase classname="tests.unit.portfolio.test_dynamic_economic_gate" name="test_future_execution_cost_estimate_is_rejected" time="0.001" /><testcase classname="tests.unit.portfolio.test_event_risk_overlay" name="test_event_overlay_cannot_create_direction_and_only_tightens_entry_and_size" time="0.002" /><testcase classname="tests.unit.portfolio.test_event_risk_overlay" name="test_llm_buy_sell_or_position_direction_fields_are_forbidden" time="0.001" /><testcase classname="tests.unit.portfolio.test_hold_current_inside_no_trade_region" name="test_tiny_forecast_changes_hold_current_position[0.00001]" time="0.001" /><testcase classname="tests.unit.portfolio.test_hold_current_inside_no_trade_region" name="test_tiny_forecast_changes_hold_current_position[-0.00001]" time="0.001" /><testcase classname="tests.unit.portfolio.test_long_flat_only" name="test_bearish_forecast_cannot_open_short" time="0.001" /><testcase classname="tests.unit.portfolio.test_pending_order_adjustment" name="test_pending_quantity_is_subtracted_and_opposing_pending_is_cancelled_first" time="0.000" /><testcase classname="tests.unit.portfolio.test_target_position_idempotency" name="test_repeating_filled_or_pending_target_does_not_place_another_order" time="0.000" /><testcase classname="tests.unit.research.test_calibration_train_validation_only" name="test_test_labels_cannot_change_fitted_model_or_calibration[XGBOOST]" time="0.128" /><testcase classname="tests.unit.research.test_calibration_train_validation_only" name="test_test_labels_cannot_change_fitted_model_or_calibration[LIGHTGBM]" time="0.033" /><testcase classname="tests.unit.research.test_calibration_train_validation_only" name="test_test_labels_cannot_change_fitted_model_or_calibration[ELASTIC_NET]" time="0.019" /><testcase classname="tests.unit.research.test_calibration_train_validation_only" name="test_overlapping_validation_label_horizon_is_rejected_before_fitting" time="0.001" /><testcase classname="tests.unit.research.test_compounded_equity" name="test_compounding_and_full_terminal_exit_cost" time="0.001" /><testcase classname="tests.unit.research.test_compounded_equity" name="test_reversal_pays_both_legs_and_trades_are_flat_to_flat" time="0.001" /><testcase classname="tests.unit.research.test_compounded_equity" name="test_more_costs_reduce_fixed_path_net_equity" time="0.002" /><testcase classname="tests.unit.research.test_cost_aware_trend" name="test_hysteresis_requires_confirmation_and_only_emits_long_flat" time="0.001" /><testcase classname="tests.unit.research.test_cost_aware_trend" name="test_features_are_causal_and_scaler_uses_only_training_window" time="0.013" /><testcase classname="tests.unit.research.test_cost_aware_trend" name="test_gap_requires_full_warmup_and_unclosed_bars_are_rejected" time="0.001" /><testcase classname="tests.unit.research.test_cost_aware_trend" name="test_cat_feature_schema_is_registered_with_training_only_normalization" time="0.002" /><testcase classname="tests.unit.research.test_council_can_return_no_alpha" name="test_council_abstains_and_blocks_new_positions[changes0-NO_PROVEN_ALPHA]" time="0.001" /><testcase classname="tests.unit.research.test_council_can_return_no_alpha" name="test_council_abstains_and_blocks_new_positions[changes1-INSUFFICIENT_EVIDENCE]" time="0.001" /><testcase classname="tests.unit.research.test_council_can_return_no_alpha" name="test_council_abstains_and_blocks_new_positions[changes2-REJECTED_FOR_INSTABILITY]" time="0.001" /><testcase classname="tests.unit.research.test_council_can_return_no_alpha" name="test_council_abstains_and_blocks_new_positions[changes3-NO_PROVEN_ALPHA]" time="0.001" /><testcase classname="tests.unit.research.test_council_can_return_no_alpha" name="test_economic_increment_keeps_simple_baseline_when_complexity_does_not_pay" time="0.001" /><testcase classname="tests.unit.research.test_funding_carry_admission" name="test_funding_only_uses_settled_known_observations_and_missing_evidence_blocks_entry" time="0.001" /><testcase classname="tests.unit.research.test_funding_carry_admission" name="test_negative_funding_and_basis_expansion_exit_existing_carry" time="0.001" /><testcase classname="tests.unit.research.test_multi_asset_sleeves" name="test_independent_sleeves_do_not_imply_free_continuous_rebalancing" time="0.000" /><testcase classname="tests.unit.research.test_multi_asset_sleeves" name="test_misaligned_sleeves_are_rejected_instead_of_using_future_marks" time="0.000" /><testcase classname="tests.unit.research.test_no_zero_threshold_default" name="test_without_calibrated_threshold_returns_no_trade" time="0.001" /><testcase classname="tests.unit.research.test_no_zero_threshold_default" name="test_zero_threshold_and_future_calibration_are_rejected" time="0.001" /><testcase classname="tests.unit.research.test_paired_bootstrap" name="test_paired_blocks_preserve_identical_paths_and_known_constant_difference" time="0.028" /><testcase classname="tests.unit.research.test_purged_walkforward" name="test_calendar_months_purge_label_overlap_and_embargo" time="0.013" /><testcase classname="tests.unit.research.test_purged_walkforward" name="test_insufficient_purge_is_rejected" time="0.001" /><testcase classname="tests.unit.research.test_three_class_metrics" name="test_flat_is_not_counted_as_a_correct_short_prediction" time="0.001" /><testcase classname="tests.unit.research.test_three_class_metrics" name="test_three_class_probabilities_and_past_mean_benchmark" time="0.001" /><testcase classname="tests.unit.research.test_three_class_metrics" name="test_constant_predictions_cannot_produce_correlation_or_sign_significance" time="0.001" /><testcase classname="tests.integration.test_cost_aware_trend_end_to_end" name="test_completed_features_gate_quantity_next_open_ledger_and_terminal_exit" time="0.023" /><testcase classname="tests.integration.test_cost_stress_matrix" name="test_fixed_orders_cost_stress_preserves_fill_path_and_decreases_net_equity" time="0.060" /><testcase classname="tests.integration.test_cat_multi_asset_units" name="test_default_btc_replay_preserves_frozen_pre_expansion_result" time="0.013" /><testcase classname="tests.integration.test_cat_multi_asset_units" name="test_asset_units_precision_and_cash_identity_survive_replay[ETH-0.0001]" time="0.015" /><testcase classname="tests.integration.test_cat_multi_asset_units" name="test_asset_units_precision_and_cash_identity_survive_replay[SOL-0.001]" time="0.014" /><testcase classname="tests.integration.test_cat_multi_asset_units" name="test_asset_units_precision_and_cash_identity_survive_replay[XRP-0.1]" time="0.019" /><testcase classname="tests.integration.test_walkforward_holdout_firewall" name="test_durable_firewall_denies_unfrozen_used_and_second_access" time="0.005" /><testcase classname="tests.property.test_backtest_economics" name="test_reduce_only_never_increases_or_reverses_absolute_position" time="0.296" /><testcase classname="tests.property.test_backtest_economics" name="test_higher_fees_and_slippage_cannot_improve_net_pnl_on_the_same_fills" time="0.494" /><testcase classname="tests.security.test_live_lock" name="test_code_lock_is_immutable_and_accepts_only_locked_state" time="0.000" /><testcase classname="tests.security.test_live_lock" name="test_every_live_request_fails_closed[arguments0]" time="0.001" /><testcase classname="tests.security.test_live_lock" name="test_every_live_request_fails_closed[arguments1]" time="0.001" /><testcase classname="tests.security.test_live_lock" name="test_every_live_request_fails_closed[arguments2]" time="0.001" /><testcase classname="tests.security.test_live_lock" name="test_every_live_request_fails_closed[arguments3]" time="0.000" /><testcase classname="tests.security.test_live_lock" name="test_machine_configuration_is_locked" time="0.003" /></testsuite></testsuites>