<?xml version="1.0" encoding="utf-8"?><testsuites name="pytest tests"><testsuite name="pytest" errors="0" failures="0" skipped="0" tests="29" time="4.632" timestamp="2026-09-10T13:30:31.202976+08:00" hostname="Dionysus-Workspace"><testcase classname="tests.alpha_v5.test_saved_run_audit" name="test_original_records_join_and_native_cash_close_without_running_a_strategy" time="0.005" /><testcase classname="tests.alpha_v5.test_saved_run_audit" name="test_inconsistent_saved_evidence_is_not_declared_verified[duplicate_fill-unique_fill_id]" time="0.002" /><testcase classname="tests.alpha_v5.test_saved_run_audit" name="test_inconsistent_saved_evidence_is_not_declared_verified[unknown_order-fill_order_exists]" time="0.002" /><testcase classname="tests.alpha_v5.test_saved_run_audit" name="test_inconsistent_saved_evidence_is_not_declared_verified[missing_trace-complete_trace_order_join]" time="0.002" /><testcase classname="tests.alpha_v5.test_saved_run_audit" name="test_inconsistent_saved_evidence_is_not_declared_verified[order_overfill-order_not_overfilled]" time="0.002" /><testcase classname="tests.alpha_v5.test_saved_run_audit" name="test_inconsistent_saved_evidence_is_not_declared_verified[cumulative-order_cumulative_fill]" time="0.002" /><testcase classname="tests.alpha_v5.test_saved_run_audit" name="test_inconsistent_saved_evidence_is_not_declared_verified[future_fill-fill_causal_clocks]" time="0.003" /><testcase classname="tests.alpha_v5.test_saved_run_audit" name="test_inconsistent_saved_evidence_is_not_declared_verified[fee_asset-fill_units_and_ids]" time="0.002" /><testcase classname="tests.alpha_v5.test_saved_run_audit" name="test_inconsistent_saved_evidence_is_not_declared_verified[fee_amount-fee_money]" time="0.002" /><testcase classname="tests.alpha_v5.test_saved_run_audit" name="test_inconsistent_saved_evidence_is_not_declared_verified[ledger_hash-ledger_hash_chain]" time="0.002" /><testcase classname="tests.alpha_v5.test_saved_run_audit" name="test_inconsistent_saved_evidence_is_not_declared_verified[unbalanced-double_entry_by_asset]" time="0.002" /><testcase classname="tests.alpha_v5.test_saved_run_audit" name="test_inconsistent_saved_evidence_is_not_declared_verified[lot_chain-lot_change_continuity]" time="0.003" /><testcase classname="tests.alpha_v5.test_saved_run_audit" name="test_inconsistent_saved_evidence_is_not_declared_verified[extra_cash-ledger_cash_matches_every_mtm]" time="0.002" /><testcase classname="tests.alpha_v5.test_saved_run_audit" name="test_inconsistent_saved_evidence_is_not_declared_verified[wrong_price-every_mtm_native_position_value]" time="0.002" /><testcase classname="tests.alpha_v5.test_saved_run_audit" name="test_inconsistent_saved_evidence_is_not_declared_verified[wrong_clock-review_state_transition]" time="0.002" /><testcase classname="tests.alpha_v5.test_saved_run_audit" name="test_rehashed_illegal_lot_cannot_hide_behind_a_valid_ledger_chain[opened_quantity-0-lot_schema]" time="0.002" /><testcase classname="tests.alpha_v5.test_saved_run_audit" name="test_rehashed_illegal_lot_cannot_hide_behind_a_valid_ledger_chain[source_fill_id-unknown-lot_opening_fill_exists]" time="0.002" /><testcase classname="tests.alpha_v5.test_saved_run_audit" name="test_rehashed_illegal_lot_cannot_hide_behind_a_valid_ledger_chain[quantity_asset_id-ETH-lot_opening_fill_identity]" time="0.002" /><testcase classname="tests.alpha_v5.test_saved_run_audit" name="test_rehashed_illegal_lot_cannot_hide_behind_a_valid_ledger_chain[entry_price-999-lot_entry_price]" time="0.002" /><testcase classname="tests.alpha_v5.test_saved_run_audit" name="test_rehashed_illegal_lot_cannot_hide_behind_a_valid_ledger_chain[opened_quantity-2-lot_opened_quantity]" time="0.002" /><testcase classname="tests.alpha_v5.test_saved_run_audit" name="test_rehashed_wrong_fill_idempotency_is_not_a_valid_link" time="0.003" /><testcase classname="tests.alpha_v5.test_saved_run_audit" name="test_due_review_without_order_and_cost_veto_are_auditable" time="0.002" /><testcase classname="tests.alpha_v5.test_saved_run_audit" name="test_all_tail_cutoff_ties_and_all_assets_are_preserved" time="0.001" /><testcase classname="tests.alpha_v5.test_saved_run_audit" name="test_tail_missing_asset_calendar_is_rejected_and_boundary_cash_cannot_reset" time="0.001" /><testcase classname="tests.alpha_v5.test_saved_run_audit" name="test_naive_clocks_are_rejected" time="0.001" /><testcase classname="tests.alpha_v5.test_saved_run_audit" name="test_tail_common_gap_and_zero_nav_are_explicitly_rejected" time="0.001" /><testcase classname="tests.alpha_v5.test_saved_run_audit" name="test_cost_scenario_cannot_be_replaced_by_a_paid_amount_in_assembled_rows" time="0.002" /><testcase classname="tests.alpha_v5.test_saved_run_audit" name="test_saved_audit_operates_inside_zero_research_guard" time="0.009" /><testcase classname="tests.alpha_v5.test_saved_run_audit" name="test_saved_scope_cannot_turn_into_a_new_strategy_trial" time="0.007" /></testsuite></testsuites>