<?xml version="1.0" encoding="utf-8"?><testsuites name="pytest tests"><testsuite name="pytest" errors="0" failures="0" skipped="0" tests="100" time="4.836" timestamp="2026-09-10T11:28:06.731896+08:00" hostname="Dionysus-Workspace"><testcase classname="tests.alpha_v5.test_portfolio_contract" name="test_symmetric_positive_diagonal_indefinite_covariance_fails_before_shrinkage" time="0.003" /><testcase classname="tests.alpha_v5.test_portfolio_contract" name="test_total_cannot_double_count_factor_and_residual_requires_defined_factors" time="0.001" /><testcase classname="tests.alpha_v5.test_portfolio_contract" name="test_fixed_tiny_psd_correction_is_recorded_and_asset_order_invariant" time="0.001" /><testcase classname="tests.alpha_v5.test_portfolio_contract" name="test_closed_daily_covariance_future_mutations_and_reordering_do_not_change_past" time="0.003" /><testcase classname="tests.alpha_v5.test_portfolio_contract" name="test_missing_new_asset_or_unready_covariance_fails_closed[gap]" time="0.001" /><testcase classname="tests.alpha_v5.test_portfolio_contract" name="test_missing_new_asset_or_unready_covariance_fails_closed[asset]" time="0.001" /><testcase classname="tests.alpha_v5.test_portfolio_contract" name="test_missing_new_asset_or_unready_covariance_fails_closed[duplicate]" time="0.001" /><testcase classname="tests.alpha_v5.test_portfolio_contract" name="test_missing_new_asset_or_unready_covariance_fails_closed[intraday]" time="0.002" /><testcase classname="tests.alpha_v5.test_portfolio_contract" name="test_missing_new_asset_or_unready_covariance_fails_closed[late]" time="0.001" /><testcase classname="tests.alpha_v5.test_portfolio_contract" name="test_missing_new_asset_or_unready_covariance_fails_closed[zero]" time="0.002" /><testcase classname="tests.alpha_v5.test_portfolio_contract" name="test_funded_buys_compete_proportionally_and_input_order_is_invariant" time="0.007" /><testcase classname="tests.alpha_v5.test_portfolio_contract" name="test_unfilled_sales_and_unsettled_cash_never_finance_buys" time="0.008" /><testcase classname="tests.alpha_v5.test_portfolio_contract" name="test_pending_risk_and_reserves_are_not_netted_by_hoped_for_cancellation" time="0.004" /><testcase classname="tests.alpha_v5.test_portfolio_contract" name="test_bad_funding_inputs_fail_before_proposal[future_balance]" time="0.002" /><testcase classname="tests.alpha_v5.test_portfolio_contract" name="test_bad_funding_inputs_fail_before_proposal[future_fx]" time="0.002" /><testcase classname="tests.alpha_v5.test_portfolio_contract" name="test_bad_funding_inputs_fail_before_proposal[future_pending]" time="0.002" /><testcase classname="tests.alpha_v5.test_portfolio_contract" name="test_bad_funding_inputs_fail_before_proposal[overreserved]" time="0.002" /><testcase classname="tests.alpha_v5.test_portfolio_contract" name="test_bad_funding_inputs_fail_before_proposal[oversold]" time="0.002" /><testcase classname="tests.alpha_v5.test_portfolio_contract" name="test_bad_funding_inputs_fail_before_proposal[opposing]" time="0.002" /><testcase classname="tests.alpha_v5.test_portfolio_contract" name="test_bad_funding_inputs_fail_before_proposal[unknown_pending]" time="0.002" /><testcase classname="tests.alpha_v5.test_portfolio_contract" name="test_bad_funding_inputs_fail_before_proposal[bad_cash]" time="0.002" /><testcase classname="tests.alpha_v5.test_portfolio_contract" name="test_bad_funding_inputs_fail_before_proposal[future_ledger]" time="0.002" /><testcase classname="tests.alpha_v5.test_portfolio_contract" name="test_hard_risk_bypasses_turnover_but_retains_liquidity_breach" time="0.004" /><testcase classname="tests.alpha_v5.test_portfolio_contract" name="test_halted_venue_and_depeg_do_not_invent_an_exit" time="0.004" /><testcase classname="tests.alpha_v5.test_portfolio_contract" name="test_post_rounding_risk_includes_execution_cost_loss_in_nav" time="0.003" /><testcase classname="tests.alpha_v5.test_portfolio_contract" name="test_unknown_tail_evidence_blocks_increase_but_not_risk_exit" time="0.003" /><testcase classname="tests.alpha_v5.test_portfolio_contract" name="test_signed_order_limit_still_bounds_the_actual_rounded_quantity" time="0.003" /><testcase classname="tests.alpha_v5.test_portfolio_contract" name="test_normalized_risk_snapshot_cannot_automatically_unlock_a_previous_hard_gate" time="0.006" /><testcase classname="tests.alpha_v5.test_portfolio_contract" name="test_legacy_optimizer_payload_matches_sealed_b4_implementation" time="0.005" /><testcase classname="tests.alpha_v5.test_portfolio_contract" name="test_spot_native_mtm_values_price_move_once_and_legacy_stays_distinct" time="0.002" /><testcase classname="tests.alpha_v5.test_portfolio_contract" name="test_drawdown_windows_do_not_conflate_full_period_loss_and_recent_recovery" time="0.001" /><testcase classname="tests.alpha_v5.test_portfolio_contract" name="test_b5_report_cannot_activate_economic_research[data]" time="0.005" /><testcase classname="tests.alpha_v5.test_portfolio_contract" name="test_b5_report_cannot_activate_economic_research[adopt]" time="0.003" /><testcase classname="tests.alpha_v5.test_portfolio_contract" name="test_b5_report_cannot_activate_economic_research[runs]" time="0.003" /><testcase classname="tests.alpha_v5.test_portfolio_contract" name="test_b5_report_cannot_activate_economic_research[policy]" time="0.003" /><testcase classname="tests.alpha_v5.test_portfolio_contract" name="test_b5_report_cannot_activate_economic_research[capital]" time="0.003" /><testcase classname="tests.alpha_v5.test_portfolio_contract" name="test_b5_contract_job_seals_without_invoking_real_paths" time="0.253" /><testcase classname="tests.alpha_v5.test_execution_contract" name="test_mid_and_bbo_charge_spread_exactly_once[BUY]" time="0.010" /><testcase classname="tests.alpha_v5.test_execution_contract" name="test_mid_and_bbo_charge_spread_exactly_once[SELL]" time="0.010" /><testcase classname="tests.alpha_v5.test_execution_contract" name="test_depth_includes_visible_impact_and_explicit_residual_is_separate" time="0.005" /><testcase classname="tests.alpha_v5.test_execution_contract" name="test_reference_evidence_conflicts_fail[unknown_bbo_component]" time="0.006" /><testcase classname="tests.alpha_v5.test_execution_contract" name="test_reference_evidence_conflicts_fail[mid_includes_spread]" time="0.005" /><testcase classname="tests.alpha_v5.test_execution_contract" name="test_reference_evidence_conflicts_fail[bar_is_real]" time="0.005" /><testcase classname="tests.alpha_v5.test_execution_contract" name="test_reference_evidence_conflicts_fail[mixed_version]" time="0.006" /><testcase classname="tests.alpha_v5.test_execution_contract" name="test_reference_evidence_conflicts_fail[wrong_horizon]" time="0.005" /><testcase classname="tests.alpha_v5.test_execution_contract" name="test_impact_forward_inverse_and_capacity_use_one_horizon[LINEAR_PROXY_V1]" time="0.001" /><testcase classname="tests.alpha_v5.test_execution_contract" name="test_impact_forward_inverse_and_capacity_use_one_horizon[SQRT_PROXY_V1]" time="0.001" /><testcase classname="tests.alpha_v5.test_execution_contract" name="test_legacy_capacity_and_new_linear_capacity_are_explicitly_different" time="0.000" /><testcase classname="tests.alpha_v5.test_execution_contract" name="test_discount_only_reduces_standard_fee_and_partial_fills_consume_actual_balance" time="0.001" /><testcase classname="tests.alpha_v5.test_execution_contract" name="test_discount_boundaries_and_fx_are_fail_closed[expired]" time="0.001" /><testcase classname="tests.alpha_v5.test_execution_contract" name="test_discount_boundaries_and_fx_are_fail_closed[missing_fx]" time="0.001" /><testcase classname="tests.alpha_v5.test_execution_contract" name="test_discount_boundaries_and_fx_are_fail_closed[future_fx]" time="0.001" /><testcase classname="tests.alpha_v5.test_execution_contract" name="test_discount_boundaries_and_fx_are_fail_closed[insufficient_normal]" time="0.001" /><testcase classname="tests.alpha_v5.test_execution_contract" name="test_fee_effective_time_is_not_decision_known_time_and_future_revisions_do_not_leak" time="0.005" /><testcase classname="tests.alpha_v5.test_execution_contract" name="test_native_fee_contract_cannot_silently_use_old_quote_fee_engine_path" time="0.006" /><testcase classname="tests.alpha_v5.test_execution_contract" name="test_shared_depth_cannot_be_reused_and_fill_identity_is_idempotent" time="0.002" /><testcase classname="tests.alpha_v5.test_execution_contract" name="test_shared_window_does_not_net_opposite_sides_and_preserves_fok_residual" time="0.002" /><testcase classname="tests.alpha_v5.test_execution_contract" name="test_latency_queue_unknown_cancellation_and_bar_proxy_are_explicit" time="0.001" /><testcase classname="tests.alpha_v5.test_execution_contract" name="test_native_base_fees_reduce_fifo_lots_partial_orders_and_rebuild_exactly" time="0.006" /><testcase classname="tests.alpha_v5.test_execution_contract" name="test_native_base_fee_fifo_pnl_is_posted_without_quote_cash[50-BUY]" time="0.005" /><testcase classname="tests.alpha_v5.test_execution_contract" name="test_native_base_fee_fifo_pnl_is_posted_without_quote_cash[50-SELL]" time="0.005" /><testcase classname="tests.alpha_v5.test_execution_contract" name="test_native_base_fee_fifo_pnl_is_posted_without_quote_cash[300-BUY]" time="0.004" /><testcase classname="tests.alpha_v5.test_execution_contract" name="test_native_base_fee_fifo_pnl_is_posted_without_quote_cash[300-SELL]" time="0.005" /><testcase classname="tests.alpha_v5.test_execution_contract" name="test_native_base_rebate_has_real_quantity_and_third_asset_needs_balance_and_fx" time="0.005" /><testcase classname="tests.alpha_v5.test_execution_contract" name="test_legacy_cost_fills_transitions_and_ledger_keep_exact_payloads" time="0.049" /><testcase classname="tests.alpha_v5.test_execution_contract" name="test_execution_observation_bad_records_cannot_enter_calibration[duplicate]" time="0.001" /><testcase classname="tests.alpha_v5.test_execution_contract" name="test_execution_observation_bad_records_cannot_enter_calibration[overfill]" time="0.001" /><testcase classname="tests.alpha_v5.test_execution_contract" name="test_execution_observation_bad_records_cannot_enter_calibration[clock]" time="0.001" /><testcase classname="tests.alpha_v5.test_execution_contract" name="test_execution_observation_bad_records_cannot_enter_calibration[cancel]" time="0.001" /><testcase classname="tests.alpha_v5.test_execution_contract" name="test_execution_observation_bad_records_cannot_enter_calibration[reference]" time="0.001" /><testcase classname="tests.alpha_v5.test_execution_contract" name="test_fixed_split_rejects_orders_across_boundary_and_future_receipts" time="0.001" /><testcase classname="tests.alpha_v5.test_execution_contract" name="test_residual_quality_preserves_missing_and_failing_buckets_without_model_fit" time="0.016" /><testcase classname="tests.alpha_v5.test_execution_contract" name="test_shared_report_seals_missing_evidence_and_blocks_reuse" time="0.439" /><testcase classname="tests.alpha_v5.test_execution_contract" name="test_report_config_cannot_turn_into_empirical_run[data]" time="0.003" /><testcase classname="tests.alpha_v5.test_execution_contract" name="test_report_config_cannot_turn_into_empirical_run[fit]" time="0.003" /><testcase classname="tests.alpha_v5.test_execution_contract" name="test_report_config_cannot_turn_into_empirical_run[capital]" time="0.003" /><testcase classname="tests.alpha_v5.test_execution_contract" name="test_report_config_cannot_turn_into_empirical_run[threshold]" time="0.003" /><testcase classname="tests.portfolio.test_constraints" name="test_all_required_exposure_dimensions_are_policy_controlled" time="0.001" /><testcase classname="tests.portfolio.test_constraints" name="test_capacity_impact_turnover_and_group_limits_only_reduce_targets" time="0.002" /><testcase classname="tests.portfolio.test_constraints" name="test_turnover_projection_does_not_overshoot_by_decimal_rounding" time="0.001" /><testcase classname="tests.portfolio.test_risk_estimation" name="test_covariance_combines_shrinkage_factor_and_regime_risk" time="0.001" /><testcase classname="tests.portfolio.test_risk_estimation" name="test_covariance_rejects_asymmetric_or_future_availability" time="0.001" /><testcase classname="tests.portfolio.test_signals_optimizer" name="test_signal_is_clipped_discounted_and_can_enter_no_trade_zone" time="0.000" /><testcase classname="tests.portfolio.test_signals_optimizer" name="test_robust_optimizer_emits_explainable_proposal_only_output" time="0.001" /><testcase classname="tests.portfolio.test_signals_optimizer" name="test_optimizer_rejects_future_covariance" time="0.001" /><testcase classname="tests.risk.test_decision_engine" name="test_healthy_independent_snapshot_approves_without_amplifying_proposal" time="0.002" /><testcase classname="tests.risk.test_decision_engine" name="test_stale_risk_data_rejects_new_risk" time="0.001" /><testcase classname="tests.risk.test_decision_engine" name="test_loss_or_margin_breach_moves_to_reduce_only" time="0.001" /><testcase classname="tests.risk.test_circuit_breakers" name="test_data_and_model_staleness_reject_new_risk" time="0.001" /><testcase classname="tests.risk.test_circuit_breakers" name="test_loss_margin_liquidity_venue_security_and_event_breakers" time="0.002" /><testcase classname="tests.risk.test_stress" name="test_price_correlation_liquidity_margin_and_venue_stress_change_action" time="0.002" /><testcase classname="tests.p05.test_ledger_core" name="test_policy_chart_and_entry_templates_are_versioned" time="0.002" /><testcase classname="tests.p05.test_ledger_core" name="test_spot_fifo_matches_committed_golden_fixture" time="0.002" /><testcase classname="tests.p05.test_ledger_core" name="test_spot_oversell_fails_before_any_state_change" time="0.002" /><testcase classname="tests.p05.test_ledger_core" name="test_linear_perpetual_reduces_reverses_and_keeps_fifo" time="0.004" /><testcase classname="tests.p05.test_ledger_core" name="test_instrument_contract_cannot_drift_within_one_ledger" time="0.003" /><testcase classname="tests.p05.test_ledger_core" name="test_inverse_contract_formula_is_exact_and_native_settled" time="0.001" /><testcase classname="tests.p05.test_ledger_core" name="test_dated_future_settlement_closes_all_lots_and_replays" time="0.003" /><testcase classname="tests.p05.test_ledger_core" name="test_cashflows_borrow_and_authoritative_pnl_decomposition" time="0.003" /><testcase classname="tests.p05.test_ledger_core" name="test_float_cannot_enter_authoritative_accounting_models" time="0.001" /></testsuite></testsuites>