<?xml version="1.0" encoding="utf-8"?><testsuites name="pytest tests"><testsuite name="pytest" errors="0" failures="0" skipped="0" tests="9" time="2.304" timestamp="2026-09-08T16:45:28.032558+08:00" hostname="Dionysus-Workspace"><testcase classname="tests.alpha_v4.test_failure_freeze" name="test_freeze_preserves_probabilities_and_separates_symbols" time="0.147" /><testcase classname="tests.alpha_v4.test_failure_freeze" name="test_freeze_rejects_nonexecutable_time" time="0.006" /><testcase classname="tests.alpha_v4.test_failure_freeze" name="test_freeze_rejects_duplicate_sample_ids" time="0.008" /><testcase classname="tests.alpha_v4.test_failure_freeze" name="test_a0_replay_uses_original_signal_with_round_trip_costs" time="0.004" /><testcase classname="tests.alpha_v4.test_failure_freeze" name="test_a0_replay_rejects_changed_original_returns" time="0.005" /><testcase classname="tests.alpha_v4.test_failure_freeze" name="test_snapshot_cannot_be_silently_overwritten" time="0.025" /><testcase classname="tests.alpha_v4.test_failure_freeze" name="test_snapshot_integrity_rejects_tampering" time="0.016" /><testcase classname="tests.alpha_v4.test_failure_freeze" name="test_metric_lineage_does_not_conflate_selected_and_failed_policy" time="0.021" /><testcase classname="tests.alpha_v4.test_failure_freeze" name="test_v4_ssot_identity_and_safety_remain_explicit" time="0.013" /></testsuite></testsuites>