<?xml version="1.0" encoding="utf-8"?><testsuites name="pytest tests"><testsuite name="pytest" errors="0" failures="0" skipped="0" tests="49" time="4.827" timestamp="2026-09-10T09:33:16.983160+08:00" hostname="Dionysus-Workspace"><testcase classname="tests.property.pit.test_universe" name="test_point_in_time_universe_prevents_listing_delisting_and_revision_backfill" time="0.002" /><testcase classname="tests.property.pit.test_universe" name="test_universe_snapshot_is_content_addressed_and_reproducible" time="0.001" /><testcase classname="tests.alpha_v5.test_research_guards" name="test_point_in_time_listing_delisting_liquidity_and_future_revision" time="0.002" /><testcase classname="tests.alpha_v5.test_research_guards" name="test_b2_event_lifecycle_and_relisting_use_instrument_uid" time="0.021" /><testcase classname="tests.alpha_v5.test_research_guards" name="test_b2_archived_publication_and_late_receipt_are_different_clocks" time="0.001" /><testcase classname="tests.alpha_v5.test_research_guards" name="test_b2_event_revision_changes_effective_time_without_applying_early" time="0.001" /><testcase classname="tests.alpha_v5.test_research_guards" name="test_b2_membership_revision_conflict_fails_only_when_known" time="0.001" /><testcase classname="tests.alpha_v5.test_research_guards" name="test_b2_contiguous_warmup_and_exact_thirty_day_window[961-gaps0-961-None]" time="0.020" /><testcase classname="tests.alpha_v5.test_research_guards" name="test_b2_contiguous_warmup_and_exact_thirty_day_window[240-gaps1-240-CONTIGUOUS_WARMUP_INCOMPLETE]" time="0.011" /><testcase classname="tests.alpha_v5.test_research_guards" name="test_b2_contiguous_warmup_and_exact_thirty_day_window[961-gaps2-200-CONTIGUOUS_WARMUP_INCOMPLETE]" time="0.021" /><testcase classname="tests.alpha_v5.test_research_guards" name="test_b2_contiguous_warmup_and_exact_thirty_day_window[961-gaps3-4-LIQUIDITY_WINDOW_GAP]" time="0.020" /><testcase classname="tests.alpha_v5.test_research_guards" name="test_b2_gap_recovery_and_resume_require_all_dependency_windows" time="0.138" /><testcase classname="tests.alpha_v5.test_research_guards" name="test_b2_liquidity_unavailable_or_proxy_never_opens_new_risk[zero]" time="0.023" /><testcase classname="tests.alpha_v5.test_research_guards" name="test_b2_liquidity_unavailable_or_proxy_never_opens_new_risk[missing]" time="0.001" /><testcase classname="tests.alpha_v5.test_research_guards" name="test_b2_liquidity_unavailable_or_proxy_never_opens_new_risk[proxy]" time="0.022" /><testcase classname="tests.alpha_v5.test_research_guards" name="test_b2_liquidity_unavailable_or_proxy_never_opens_new_risk[future]" time="0.019" /><testcase classname="tests.alpha_v5.test_research_guards" name="test_b2_liquidity_unavailable_or_proxy_never_opens_new_risk[stale]" time="0.020" /><testcase classname="tests.alpha_v5.test_research_guards" name="test_b2_liquidity_unavailable_or_proxy_never_opens_new_risk[no_detail]" time="0.020" /><testcase classname="tests.alpha_v5.test_research_guards" name="test_b2_liquidity_hash_amount_window_and_history_corruptions_rejected" time="0.061" /><testcase classname="tests.alpha_v5.test_research_guards" name="test_b2_rule_provenance_is_required_for_new_risk[missing]" time="0.022" /><testcase classname="tests.alpha_v5.test_research_guards" name="test_b2_rule_provenance_is_required_for_new_risk[future]" time="0.021" /><testcase classname="tests.alpha_v5.test_research_guards" name="test_b2_rule_provenance_is_required_for_new_risk[expired]" time="0.021" /><testcase classname="tests.alpha_v5.test_research_guards" name="test_b2_rule_provenance_is_required_for_new_risk[proxy]" time="0.020" /><testcase classname="tests.alpha_v5.test_research_guards" name="test_b2_rule_provenance_is_required_for_new_risk[disabled]" time="0.021" /><testcase classname="tests.alpha_v5.test_research_guards" name="test_b2_synthetic_sources_never_become_historical_evidence_by_default" time="0.062" /><testcase classname="tests.alpha_v5.test_research_guards" name="test_b2_rule_conflict_and_simultaneous_symbol_reuse_are_rejected" time="0.042" /><testcase classname="tests.alpha_v5.test_research_guards" name="test_b2_bound_inputs_reject_changed_and_deleted_exited_asset_bytes" time="0.029" /><testcase classname="tests.alpha_v5.test_research_guards" name="test_b2_pit_path_guard_rejects_before_open[holdout]" time="0.003" /><testcase classname="tests.alpha_v5.test_research_guards" name="test_b2_pit_path_guard_rejects_before_open[symlink]" time="0.003" /><testcase classname="tests.alpha_v5.test_research_guards" name="test_b2_pit_path_guard_rejects_before_open[junction]" time="0.002" /><testcase classname="tests.alpha_v5.test_research_guards" name="test_b2_pit_path_guard_rejects_before_open[credential]" time="0.003" /><testcase classname="tests.alpha_v5.test_research_guards" name="test_b2_pit_path_guard_rejects_before_open[outside]" time="0.003" /><testcase classname="tests.alpha_v5.test_research_guards" name="test_b2_actual_cli_missing_data_fails_closed_without_old_pipeline" time="0.323" /><testcase classname="tests.alpha_v5.test_research_guards" name="test_b2_config_rejects_scope_or_evidence_downgrade[fit]" time="0.004" /><testcase classname="tests.alpha_v5.test_research_guards" name="test_b2_config_rejects_scope_or_evidence_downgrade[live]" time="0.004" /><testcase classname="tests.alpha_v5.test_research_guards" name="test_b2_config_rejects_scope_or_evidence_downgrade[synthetic]" time="0.003" /><testcase classname="tests.alpha_v5.test_research_guards" name="test_b2_config_rejects_scope_or_evidence_downgrade[warmup]" time="0.003" /><testcase classname="tests.alpha_v5.test_research_guards" name="test_b2_config_rejects_scope_or_evidence_downgrade[scope]" time="0.003" /><testcase classname="tests.alpha_v5.test_research_guards" name="test_b2_complete_bound_table_fixture_and_deleted_asset_census_guard" time="0.110" /><testcase classname="tests.alpha_v5.test_no_future_mutation" name="test_b2_future_information_preserves_decision_snapshot_bytes[membership_revision]" time="0.072" /><testcase classname="tests.alpha_v5.test_no_future_mutation" name="test_b2_future_information_preserves_decision_snapshot_bytes[late_backfill]" time="0.043" /><testcase classname="tests.alpha_v5.test_no_future_mutation" name="test_b2_future_information_preserves_decision_snapshot_bytes[future_listing]" time="0.044" /><testcase classname="tests.alpha_v5.test_no_future_mutation" name="test_b2_future_information_preserves_decision_snapshot_bytes[liquidity_revision]" time="0.061" /><testcase classname="tests.alpha_v5.test_no_future_mutation" name="test_b2_future_information_preserves_decision_snapshot_bytes[rule_revision]" time="0.045" /><testcase classname="tests.alpha_v5.test_no_future_mutation" name="test_b2_future_information_preserves_decision_snapshot_bytes[cross_asset_listing]" time="0.041" /><testcase classname="tests.alpha_v5.test_no_future_mutation" name="test_b2_future_information_preserves_decision_snapshot_bytes[cross_asset_liquidity]" time="0.059" /><testcase classname="tests.alpha_v5.test_no_future_mutation" name="test_b2_future_announced_event_is_part_of_the_known_prefix" time="0.041" /><testcase classname="tests.alpha_v5.test_no_future_mutation" name="test_b2_future_mutation_and_input_reordering_are_cross_asset_stable" time="0.051" /><testcase classname="tests.alpha_v5.test_no_future_mutation" name="test_b2_legacy_research_function_bodies_remain_frozen" time="0.013" /></testsuite></testsuites>